<?xml version="1.0" encoding="UTF-8"?>
<coverage generated="1774355334649" clover="3.2.0">
  <project timestamp="1774355334650" name="All files">
    <metrics statements="226" coveredstatements="203" conditionals="250" coveredconditionals="201" methods="87" coveredmethods="54" elements="563" coveredelements="458" complexity="0" loc="226" ncloc="226" packages="2" files="2" classes="2"/>
    <package name="pages">
      <metrics statements="226" coveredstatements="203" conditionals="250" coveredconditionals="201" methods="87" coveredmethods="54"/>
      <file name="GroupDetail.jsx" path="C:\Ruby\NUS\PeerConnect\PeerConnect-frontend\src\pages\GroupDetail.jsx">
        <metrics statements="226" coveredstatements="203" conditionals="250" coveredconditionals="201" methods="87" coveredmethods="54"/>
        <line num="5" count="1" type="cond" truecount="1" falsecount="1"/>
        <line num="8" count="130" type="stmt"/>
        <line num="9" count="130" type="stmt"/>
        <line num="16" count="409" type="cond" truecount="2" falsecount="0"/>
        <line num="17" count="408" type="stmt"/>
        <line num="18" count="408" type="cond" truecount="2" falsecount="0"/>
        <line num="19" count="407" type="stmt"/>
        <line num="20" count="407" type="stmt"/>
        <line num="21" count="407" type="stmt"/>
        <line num="22" count="407" type="stmt"/>
        <line num="23" count="407" type="stmt"/>
        <line num="24" count="407" type="stmt"/>
        <line num="25" count="407" type="stmt"/>
        <line num="29" count="261" type="stmt"/>
        <line num="30" count="261" type="stmt"/>
        <line num="32" count="261" type="stmt"/>
        <line num="33" count="261" type="stmt"/>
        <line num="34" count="261" type="stmt"/>
        <line num="35" count="261" type="stmt"/>
        <line num="36" count="261" type="stmt"/>
        <line num="37" count="261" type="stmt"/>
        <line num="39" count="261" type="stmt"/>
        <line num="40" count="261" type="stmt"/>
        <line num="41" count="261" type="stmt"/>
        <line num="44" count="261" type="stmt"/>
        <line num="45" count="261" type="stmt"/>
        <line num="47" count="261" type="stmt"/>
        <line num="48" count="261" type="stmt"/>
        <line num="49" count="261" type="stmt"/>
        <line num="50" count="261" type="stmt"/>
        <line num="51" count="261" type="stmt"/>
        <line num="52" count="261" type="stmt"/>
        <line num="55" count="19" type="stmt"/>
        <line num="56" count="19" type="stmt"/>
        <line num="57" count="19" type="stmt"/>
        <line num="61" count="85" type="stmt"/>
        <line num="62" count="85" type="stmt"/>
        <line num="63" count="85" type="stmt"/>
        <line num="67" count="84" type="cond" truecount="4" falsecount="0"/>
        <line num="69" count="20" type="stmt"/>
        <line num="72" count="20" type="cond" truecount="2" falsecount="0"/>
        <line num="73" count="19" type="stmt"/>
        <line num="74" count="19" type="cond" truecount="1" falsecount="1"/>
        <line num="75" count="20" type="cond" truecount="2" falsecount="0"/>
        <line num="76" count="18" type="cond" truecount="1" falsecount="2"/>
        <line num="78" count="20" type="cond" truecount="2" falsecount="0"/>
        <line num="79" count="32" type="stmt"/>
        <line num="82" count="20" type="cond" truecount="4" falsecount="0"/>
        <line num="83" count="2" type="cond" truecount="3" falsecount="0"/>
        <line num="84" count="2" type="stmt"/>
        <line num="85" count="2" type="stmt"/>
        <line num="92" count="18" type="stmt"/>
        <line num="93" count="18" type="cond" truecount="1" falsecount="1"/>
        <line num="94" count="20" type="stmt"/>
        <line num="95" count="20" type="stmt"/>
        <line num="98" count="64" type="stmt"/>
        <line num="99" count="64" type="cond" truecount="4" falsecount="0"/>
        <line num="100" count="61" type="cond" truecount="3" falsecount="0"/>
        <line num="101" count="85" type="cond" truecount="2" falsecount="0"/>
        <line num="102" count="85" type="cond" truecount="2" falsecount="0"/>
        <line num="103" count="85" type="stmt"/>
        <line num="104" count="85" type="cond" truecount="2" falsecount="0"/>
        <line num="105" count="85" type="stmt"/>
        <line num="106" count="85" type="cond" truecount="2" falsecount="0"/>
        <line num="107" count="85" type="cond" truecount="2" falsecount="0"/>
        <line num="108" count="85" type="cond" truecount="4" falsecount="0"/>
        <line num="109" count="85" type="stmt"/>
        <line num="110" count="85" type="stmt"/>
        <line num="112" count="5" type="stmt"/>
        <line num="114" count="84" type="stmt"/>
        <line num="118" count="261" type="stmt"/>
        <line num="120" count="261" type="stmt"/>
        <line num="125" count="5" type="stmt"/>
        <line num="126" count="5" type="cond" truecount="1" falsecount="1"/>
        <line num="127" count="5" type="stmt"/>
        <line num="128" count="5" type="stmt"/>
        <line num="136" count="5" type="stmt"/>
        <line num="140" count="5" type="stmt"/>
        <line num="141" count="5" type="cond" truecount="3" falsecount="1"/>
        <line num="142" count="3" type="stmt"/>
        <line num="143" count="3" type="stmt"/>
        <line num="144" count="2" type="stmt"/>
        <line num="148" count="2" type="stmt"/>
        <line num="149" count="2" type="cond" truecount="1" falsecount="1"/>
        <line num="150" count="2" type="stmt"/>
        <line num="151" count="2" type="stmt"/>
        <line num="157" count="2" type="stmt"/>
        <line num="161" count="2" type="stmt"/>
        <line num="162" count="2" type="cond" truecount="3" falsecount="1"/>
        <line num="163" count="1" type="stmt"/>
        <line num="164" count="1" type="stmt"/>
        <line num="165" count="1" type="stmt"/>
        <line num="169" count="2" type="cond" truecount="1" falsecount="1"/>
        <line num="170" count="2" type="stmt"/>
        <line num="174" count="2" type="stmt"/>
        <line num="175" count="0" type="stmt"/>
        <line num="180" count="2" type="stmt"/>
        <line num="181" count="2" type="stmt"/>
        <line num="184" count="2" type="stmt"/>
        <line num="185" count="2" type="cond" truecount="3" falsecount="1"/>
        <line num="186" count="1" type="stmt"/>
        <line num="187" count="1" type="stmt"/>
        <line num="191" count="3" type="stmt"/>
        <line num="192" count="3" type="cond" truecount="3" falsecount="1"/>
        <line num="193" count="3" type="stmt"/>
        <line num="194" count="3" type="stmt"/>
        <line num="195" count="3" type="stmt"/>
        <line num="199" count="2" type="stmt"/>
        <line num="200" count="2" type="cond" truecount="3" falsecount="1"/>
        <line num="202" count="1" type="stmt"/>
        <line num="203" count="1" type="stmt"/>
        <line num="204" count="1" type="stmt"/>
        <line num="205" count="1" type="stmt"/>
        <line num="206" count="2" type="stmt"/>
        <line num="210" count="2" type="cond" truecount="1" falsecount="1"/>
        <line num="211" count="2" type="stmt"/>
        <line num="212" count="2" type="stmt"/>
        <line num="213" count="2" type="stmt"/>
        <line num="216" count="2" type="stmt"/>
        <line num="217" count="2" type="cond" truecount="3" falsecount="1"/>
        <line num="218" count="1" type="stmt"/>
        <line num="219" count="1" type="stmt"/>
        <line num="220" count="2" type="stmt"/>
        <line num="224" count="2" type="cond" truecount="1" falsecount="1"/>
        <line num="225" count="2" type="stmt"/>
        <line num="229" count="2" type="stmt"/>
        <line num="230" count="0" type="stmt"/>
        <line num="235" count="2" type="stmt"/>
        <line num="236" count="2" type="stmt"/>
        <line num="237" count="2" type="stmt"/>
        <line num="240" count="2" type="stmt"/>
        <line num="241" count="2" type="cond" truecount="3" falsecount="1"/>
        <line num="242" count="1" type="stmt"/>
        <line num="243" count="1" type="stmt"/>
        <line num="244" count="2" type="stmt"/>
        <line num="248" count="2" type="cond" truecount="3" falsecount="1"/>
        <line num="249" count="2" type="stmt"/>
        <line num="253" count="2" type="stmt"/>
        <line num="254" count="0" type="stmt"/>
        <line num="259" count="2" type="stmt"/>
        <line num="260" count="2" type="stmt"/>
        <line num="264" count="2" type="stmt"/>
        <line num="265" count="2" type="cond" truecount="3" falsecount="1"/>
        <line num="266" count="1" type="stmt"/>
        <line num="267" count="1" type="stmt"/>
        <line num="268" count="1" type="stmt"/>
        <line num="272" count="2" type="cond" truecount="1" falsecount="1"/>
        <line num="273" count="2" type="stmt"/>
        <line num="277" count="2" type="stmt"/>
        <line num="278" count="0" type="stmt"/>
        <line num="283" count="2" type="stmt"/>
        <line num="284" count="2" type="stmt"/>
        <line num="285" count="2" type="stmt"/>
        <line num="288" count="2" type="stmt"/>
        <line num="289" count="2" type="cond" truecount="3" falsecount="1"/>
        <line num="291" count="1" type="stmt"/>
        <line num="292" count="1" type="stmt"/>
        <line num="293" count="2" type="stmt"/>
        <line num="299" count="5" type="cond" truecount="1" falsecount="1"/>
        <line num="300" count="5" type="stmt"/>
        <line num="304" count="3" type="stmt"/>
        <line num="305" count="1" type="stmt"/>
        <line num="310" count="3" type="stmt"/>
        <line num="311" count="3" type="stmt"/>
        <line num="312" count="3" type="stmt"/>
        <line num="315" count="3" type="stmt"/>
        <line num="316" count="3" type="cond" truecount="3" falsecount="1"/>
        <line num="317" count="2" type="cond" truecount="2" falsecount="0"/>
        <line num="318" count="1" type="stmt"/>
        <line num="320" count="1" type="stmt"/>
        <line num="322" count="2" type="stmt"/>
        <line num="323" count="1" type="stmt"/>
        <line num="324" count="3" type="stmt"/>
        <line num="330" count="2" type="cond" truecount="1" falsecount="1"/>
        <line num="331" count="2" type="stmt"/>
        <line num="335" count="2" type="stmt"/>
        <line num="336" count="0" type="stmt"/>
        <line num="341" count="2" type="stmt"/>
        <line num="342" count="2" type="stmt"/>
        <line num="343" count="2" type="stmt"/>
        <line num="346" count="2" type="stmt"/>
        <line num="347" count="2" type="cond" truecount="3" falsecount="1"/>
        <line num="348" count="1" type="stmt"/>
        <line num="349" count="1" type="stmt"/>
        <line num="350" count="1" type="stmt"/>
        <line num="351" count="2" type="stmt"/>
        <line num="356" count="261" type="cond" truecount="2" falsecount="0"/>
        <line num="357" count="188" type="cond" truecount="2" falsecount="0"/>
        <line num="358" count="183" type="cond" truecount="1" falsecount="1"/>
        <line num="360" count="183" type="stmt"/>
        <line num="362" count="0" type="stmt"/>
        <line num="379" count="9" type="cond" truecount="2" falsecount="0"/>
        <line num="383" count="0" type="cond" truecount="1" falsecount="1"/>
        <line num="386" count="0" type="cond" truecount="1" falsecount="1"/>
        <line num="391" count="0" type="cond" truecount="1" falsecount="1"/>
        <line num="398" count="0" type="cond" truecount="1" falsecount="1"/>
        <line num="402" count="0" type="cond" truecount="1" falsecount="1"/>
        <line num="405" count="0" type="cond" truecount="1" falsecount="1"/>
        <line num="409" count="0" type="stmt"/>
        <line num="410" count="0" type="stmt"/>
        <line num="414" count="0" type="cond" truecount="1" falsecount="1"/>
        <line num="417" count="1" type="stmt"/>
        <line num="432" count="37" type="stmt"/>
        <line num="453" count="266" type="stmt"/>
        <line num="461" count="2" type="stmt"/>
        <line num="464" count="2" type="stmt"/>
        <line num="477" count="2" type="stmt"/>
        <line num="480" count="266" type="cond" truecount="2" falsecount="0"/>
        <line num="482" count="126" type="cond" truecount="1" falsecount="2"/>
        <line num="498" count="6" type="stmt"/>
        <line num="502" count="0" type="stmt"/>
        <line num="503" count="0" type="stmt"/>
        <line num="508" count="0" type="stmt"/>
        <line num="509" count="0" type="stmt"/>
        <line num="514" count="0" type="stmt"/>
        <line num="517" count="0" type="stmt"/>
        <line num="521" count="0" type="stmt"/>
        <line num="542" count="126" type="stmt"/>
        <line num="547" count="2" type="stmt"/>
        <line num="557" count="0" type="stmt"/>
        <line num="611" count="29" type="cond" truecount="2" falsecount="0"/>
        <line num="612" count="79" type="stmt"/>
        <line num="627" count="53" type="stmt"/>
        <line num="668" count="1" type="stmt"/>
        <line num="669" count="14" type="stmt"/>
        <line num="689" count="1" type="cond" truecount="2" falsecount="0"/>
      </file>
    </package>
    <package name="styles.pages">
      <metrics statements="0" coveredstatements="0" conditionals="0" coveredconditionals="0" methods="0" coveredmethods="0"/>
      <file name="GroupDetail.css" path="C:\Ruby\NUS\PeerConnect\PeerConnect-frontend\src\styles\pages\GroupDetail.css">
        <metrics statements="0" coveredstatements="0" conditionals="0" coveredconditionals="0" methods="0" coveredmethods="0"/>
      </file>
    </package>
  </project>
</coverage>
