{"C:\\Ruby\\NUS\\PeerConnect\\PeerConnect-frontend\\src\\pages\\GroupDetail.jsx": {"path":"C:\\Ruby\\NUS\\PeerConnect\\PeerConnect-frontend\\src\\pages\\GroupDetail.jsx","statementMap":{"0":{"start":{"line":5,"column":17},"end":{"line":5,"column":null}},"1":{"start":{"line":8,"column":16},"end":{"line":8,"column":null}},"2":{"start":{"line":9,"column":2},"end":{"line":12,"column":null}},"3":{"start":{"line":16,"column":2},"end":{"line":16,"column":null}},"4":{"start":{"line":16,"column":12},"end":{"line":16,"column":null}},"5":{"start":{"line":17,"column":12},"end":{"line":17,"column":null}},"6":{"start":{"line":18,"column":2},"end":{"line":18,"column":null}},"7":{"start":{"line":18,"column":16},"end":{"line":18,"column":null}},"8":{"start":{"line":19,"column":17},"end":{"line":19,"column":null}},"9":{"start":{"line":20,"column":13},"end":{"line":20,"column":null}},"10":{"start":{"line":21,"column":14},"end":{"line":21,"column":null}},"11":{"start":{"line":22,"column":15},"end":{"line":22,"column":null}},"12":{"start":{"line":23,"column":13},"end":{"line":23,"column":null}},"13":{"start":{"line":24,"column":13},"end":{"line":24,"column":null}},"14":{"start":{"line":25,"column":2},"end":{"line":25,"column":null}},"15":{"start":{"line":29,"column":18},"end":{"line":29,"column":null}},"16":{"start":{"line":30,"column":8},"end":{"line":30,"column":null}},"17":{"start":{"line":32,"column":24},"end":{"line":32,"column":null}},"18":{"start":{"line":33,"column":28},"end":{"line":33,"column":null}},"19":{"start":{"line":34,"column":30},"end":{"line":34,"column":null}},"20":{"start":{"line":35,"column":28},"end":{"line":35,"column":null}},"21":{"start":{"line":36,"column":24},"end":{"line":36,"column":null}},"22":{"start":{"line":37,"column":36},"end":{"line":37,"column":null}},"23":{"start":{"line":39,"column":38},"end":{"line":39,"column":null}},"24":{"start":{"line":40,"column":38},"end":{"line":40,"column":null}},"25":{"start":{"line":41,"column":36},"end":{"line":43,"column":null}},"26":{"start":{"line":44,"column":36},"end":{"line":44,"column":null}},"27":{"start":{"line":45,"column":44},"end":{"line":45,"column":null}},"28":{"start":{"line":47,"column":38},"end":{"line":47,"column":null}},"29":{"start":{"line":48,"column":38},"end":{"line":48,"column":null}},"30":{"start":{"line":49,"column":24},"end":{"line":49,"column":null}},"31":{"start":{"line":50,"column":8},"end":{"line":50,"column":null}},"32":{"start":{"line":51,"column":40},"end":{"line":51,"column":null}},"33":{"start":{"line":52,"column":38},"end":{"line":52,"column":null}},"34":{"start":{"line":55,"column":4},"end":{"line":55,"column":null}},"35":{"start":{"line":56,"column":4},"end":{"line":56,"column":null}},"36":{"start":{"line":57,"column":4},"end":{"line":57,"column":null}},"37":{"start":{"line":57,"column":42},"end":{"line":57,"column":58}},"38":{"start":{"line":61,"column":4},"end":{"line":61,"column":null}},"39":{"start":{"line":62,"column":4},"end":{"line":115,"column":null}},"40":{"start":{"line":63,"column":18},"end":{"line":65,"column":null}},"41":{"start":{"line":67,"column":6},"end":{"line":96,"column":null}},"42":{"start":{"line":69,"column":24},"end":{"line":71,"column":null}},"43":{"start":{"line":72,"column":8},"end":{"line":72,"column":null}},"44":{"start":{"line":72,"column":25},"end":{"line":72,"column":null}},"45":{"start":{"line":73,"column":26},"end":{"line":73,"column":null}},"46":{"start":{"line":74,"column":22},"end":{"line":74,"column":null}},"47":{"start":{"line":74,"column":71},"end":{"line":74,"column":103}},"48":{"start":{"line":75,"column":8},"end":{"line":75,"column":null}},"49":{"start":{"line":75,"column":20},"end":{"line":75,"column":null}},"50":{"start":{"line":76,"column":8},"end":{"line":76,"column":null}},"51":{"start":{"line":78,"column":27},"end":{"line":80,"column":null}},"52":{"start":{"line":79,"column":40},"end":{"line":79,"column":58}},"53":{"start":{"line":79,"column":72},"end":{"line":79,"column":99}},"54":{"start":{"line":82,"column":8},"end":{"line":91,"column":null}},"55":{"start":{"line":83,"column":32},"end":{"line":83,"column":null}},"56":{"start":{"line":84,"column":28},"end":{"line":84,"column":null}},"57":{"start":{"line":85,"column":10},"end":{"line":90,"column":null}},"58":{"start":{"line":92,"column":8},"end":{"line":92,"column":null}},"59":{"start":{"line":93,"column":8},"end":{"line":93,"column":null}},"60":{"start":{"line":94,"column":8},"end":{"line":94,"column":null}},"61":{"start":{"line":95,"column":8},"end":{"line":95,"column":null}},"62":{"start":{"line":98,"column":19},"end":{"line":98,"column":null}},"63":{"start":{"line":98,"column":49},"end":{"line":98,"column":52}},"64":{"start":{"line":99,"column":6},"end":{"line":99,"column":null}},"65":{"start":{"line":99,"column":19},"end":{"line":99,"column":null}},"66":{"start":{"line":100,"column":6},"end":{"line":100,"column":null}},"67":{"start":{"line":101,"column":6},"end":{"line":101,"column":null}},"68":{"start":{"line":102,"column":6},"end":{"line":102,"column":null}},"69":{"start":{"line":103,"column":6},"end":{"line":103,"column":null}},"70":{"start":{"line":104,"column":17},"end":{"line":104,"column":null}},"71":{"start":{"line":105,"column":20},"end":{"line":105,"column":null}},"72":{"start":{"line":106,"column":6},"end":{"line":106,"column":null}},"73":{"start":{"line":107,"column":6},"end":{"line":107,"column":null}},"74":{"start":{"line":108,"column":6},"end":{"line":108,"column":null}},"75":{"start":{"line":108,"column":32},"end":{"line":108,"column":112}},"76":{"start":{"line":109,"column":6},"end":{"line":109,"column":null}},"77":{"start":{"line":110,"column":6},"end":{"line":110,"column":null}},"78":{"start":{"line":112,"column":6},"end":{"line":112,"column":null}},"79":{"start":{"line":114,"column":6},"end":{"line":114,"column":null}},"80":{"start":{"line":118,"column":2},"end":{"line":118,"column":null}},"81":{"start":{"line":118,"column":20},"end":{"line":118,"column":33}},"82":{"start":{"line":120,"column":18},"end":{"line":120,"column":null}},"83":{"start":{"line":125,"column":4},"end":{"line":125,"column":null}},"84":{"start":{"line":126,"column":4},"end":{"line":126,"column":null}},"85":{"start":{"line":126,"column":20},"end":{"line":126,"column":null}},"86":{"start":{"line":127,"column":4},"end":{"line":144,"column":null}},"87":{"start":{"line":128,"column":22},"end":{"line":135,"column":null}},"88":{"start":{"line":136,"column":18},"end":{"line":139,"column":null}},"89":{"start":{"line":140,"column":19},"end":{"line":140,"column":null}},"90":{"start":{"line":140,"column":49},"end":{"line":140,"column":52}},"91":{"start":{"line":141,"column":6},"end":{"line":141,"column":null}},"92":{"start":{"line":141,"column":19},"end":{"line":141,"column":null}},"93":{"start":{"line":142,"column":6},"end":{"line":142,"column":null}},"94":{"start":{"line":143,"column":6},"end":{"line":143,"column":null}},"95":{"start":{"line":144,"column":20},"end":{"line":144,"column":53}},"96":{"start":{"line":148,"column":4},"end":{"line":148,"column":null}},"97":{"start":{"line":149,"column":4},"end":{"line":149,"column":null}},"98":{"start":{"line":149,"column":20},"end":{"line":149,"column":null}},"99":{"start":{"line":150,"column":4},"end":{"line":165,"column":null}},"100":{"start":{"line":151,"column":22},"end":{"line":156,"column":null}},"101":{"start":{"line":157,"column":18},"end":{"line":160,"column":null}},"102":{"start":{"line":161,"column":19},"end":{"line":161,"column":null}},"103":{"start":{"line":161,"column":49},"end":{"line":161,"column":52}},"104":{"start":{"line":162,"column":6},"end":{"line":162,"column":null}},"105":{"start":{"line":162,"column":19},"end":{"line":162,"column":null}},"106":{"start":{"line":163,"column":6},"end":{"line":163,"column":null}},"107":{"start":{"line":164,"column":6},"end":{"line":164,"column":null}},"108":{"start":{"line":165,"column":20},"end":{"line":165,"column":53}},"109":{"start":{"line":169,"column":4},"end":{"line":169,"column":null}},"110":{"start":{"line":169,"column":20},"end":{"line":169,"column":null}},"111":{"start":{"line":170,"column":4},"end":{"line":176,"column":null}},"112":{"start":{"line":174,"column":25},"end":{"line":174,"column":49}},"113":{"start":{"line":174,"column":49},"end":{"line":174,"column":82}},"114":{"start":{"line":175,"column":22},"end":{"line":175,"column":null}},"115":{"start":{"line":180,"column":4},"end":{"line":187,"column":null}},"116":{"start":{"line":181,"column":18},"end":{"line":183,"column":null}},"117":{"start":{"line":184,"column":19},"end":{"line":184,"column":null}},"118":{"start":{"line":184,"column":49},"end":{"line":184,"column":52}},"119":{"start":{"line":185,"column":6},"end":{"line":185,"column":null}},"120":{"start":{"line":185,"column":19},"end":{"line":185,"column":null}},"121":{"start":{"line":186,"column":6},"end":{"line":186,"column":null}},"122":{"start":{"line":187,"column":20},"end":{"line":187,"column":53}},"123":{"start":{"line":191,"column":4},"end":{"line":191,"column":null}},"124":{"start":{"line":192,"column":4},"end":{"line":192,"column":null}},"125":{"start":{"line":192,"column":43},"end":{"line":192,"column":null}},"126":{"start":{"line":193,"column":4},"end":{"line":193,"column":null}},"127":{"start":{"line":194,"column":4},"end":{"line":206,"column":null}},"128":{"start":{"line":195,"column":18},"end":{"line":198,"column":null}},"129":{"start":{"line":199,"column":19},"end":{"line":199,"column":null}},"130":{"start":{"line":199,"column":49},"end":{"line":199,"column":52}},"131":{"start":{"line":200,"column":6},"end":{"line":200,"column":null}},"132":{"start":{"line":200,"column":19},"end":{"line":200,"column":null}},"133":{"start":{"line":202,"column":6},"end":{"line":202,"column":null}},"134":{"start":{"line":203,"column":6},"end":{"line":203,"column":null}},"135":{"start":{"line":204,"column":6},"end":{"line":204,"column":null}},"136":{"start":{"line":205,"column":20},"end":{"line":205,"column":53}},"137":{"start":{"line":206,"column":14},"end":{"line":206,"column":38}},"138":{"start":{"line":210,"column":4},"end":{"line":210,"column":null}},"139":{"start":{"line":210,"column":20},"end":{"line":210,"column":null}},"140":{"start":{"line":211,"column":4},"end":{"line":211,"column":null}},"141":{"start":{"line":212,"column":4},"end":{"line":220,"column":null}},"142":{"start":{"line":213,"column":18},"end":{"line":215,"column":null}},"143":{"start":{"line":216,"column":19},"end":{"line":216,"column":null}},"144":{"start":{"line":216,"column":49},"end":{"line":216,"column":52}},"145":{"start":{"line":217,"column":6},"end":{"line":217,"column":null}},"146":{"start":{"line":217,"column":19},"end":{"line":217,"column":null}},"147":{"start":{"line":218,"column":6},"end":{"line":218,"column":null}},"148":{"start":{"line":219,"column":20},"end":{"line":219,"column":53}},"149":{"start":{"line":220,"column":14},"end":{"line":220,"column":38}},"150":{"start":{"line":224,"column":4},"end":{"line":224,"column":null}},"151":{"start":{"line":224,"column":20},"end":{"line":224,"column":null}},"152":{"start":{"line":225,"column":4},"end":{"line":231,"column":null}},"153":{"start":{"line":229,"column":25},"end":{"line":229,"column":49}},"154":{"start":{"line":229,"column":49},"end":{"line":229,"column":78}},"155":{"start":{"line":230,"column":22},"end":{"line":230,"column":null}},"156":{"start":{"line":235,"column":4},"end":{"line":235,"column":null}},"157":{"start":{"line":236,"column":4},"end":{"line":244,"column":null}},"158":{"start":{"line":237,"column":18},"end":{"line":239,"column":null}},"159":{"start":{"line":240,"column":19},"end":{"line":240,"column":null}},"160":{"start":{"line":240,"column":49},"end":{"line":240,"column":52}},"161":{"start":{"line":241,"column":6},"end":{"line":241,"column":null}},"162":{"start":{"line":241,"column":19},"end":{"line":241,"column":null}},"163":{"start":{"line":242,"column":6},"end":{"line":242,"column":null}},"164":{"start":{"line":243,"column":20},"end":{"line":243,"column":53}},"165":{"start":{"line":244,"column":14},"end":{"line":244,"column":38}},"166":{"start":{"line":248,"column":4},"end":{"line":248,"column":null}},"167":{"start":{"line":248,"column":40},"end":{"line":248,"column":null}},"168":{"start":{"line":249,"column":4},"end":{"line":255,"column":null}},"169":{"start":{"line":253,"column":25},"end":{"line":253,"column":49}},"170":{"start":{"line":253,"column":49},"end":{"line":253,"column":77}},"171":{"start":{"line":254,"column":22},"end":{"line":254,"column":null}},"172":{"start":{"line":259,"column":4},"end":{"line":268,"column":null}},"173":{"start":{"line":260,"column":18},"end":{"line":263,"column":null}},"174":{"start":{"line":264,"column":19},"end":{"line":264,"column":null}},"175":{"start":{"line":264,"column":49},"end":{"line":264,"column":52}},"176":{"start":{"line":265,"column":6},"end":{"line":265,"column":null}},"177":{"start":{"line":265,"column":19},"end":{"line":265,"column":null}},"178":{"start":{"line":266,"column":6},"end":{"line":266,"column":null}},"179":{"start":{"line":267,"column":6},"end":{"line":267,"column":null}},"180":{"start":{"line":268,"column":20},"end":{"line":268,"column":53}},"181":{"start":{"line":272,"column":4},"end":{"line":272,"column":null}},"182":{"start":{"line":272,"column":20},"end":{"line":272,"column":null}},"183":{"start":{"line":273,"column":4},"end":{"line":279,"column":null}},"184":{"start":{"line":277,"column":25},"end":{"line":277,"column":49}},"185":{"start":{"line":277,"column":49},"end":{"line":277,"column":73}},"186":{"start":{"line":278,"column":22},"end":{"line":278,"column":null}},"187":{"start":{"line":283,"column":4},"end":{"line":283,"column":null}},"188":{"start":{"line":284,"column":4},"end":{"line":293,"column":null}},"189":{"start":{"line":285,"column":18},"end":{"line":287,"column":null}},"190":{"start":{"line":288,"column":19},"end":{"line":288,"column":null}},"191":{"start":{"line":288,"column":49},"end":{"line":288,"column":52}},"192":{"start":{"line":289,"column":6},"end":{"line":289,"column":null}},"193":{"start":{"line":289,"column":19},"end":{"line":289,"column":null}},"194":{"start":{"line":291,"column":6},"end":{"line":291,"column":null}},"195":{"start":{"line":292,"column":20},"end":{"line":292,"column":53}},"196":{"start":{"line":293,"column":14},"end":{"line":293,"column":38}},"197":{"start":{"line":299,"column":4},"end":{"line":299,"column":null}},"198":{"start":{"line":299,"column":20},"end":{"line":299,"column":null}},"199":{"start":{"line":300,"column":4},"end":{"line":306,"column":null}},"200":{"start":{"line":304,"column":25},"end":{"line":304,"column":49}},"201":{"start":{"line":304,"column":49},"end":{"line":304,"column":74}},"202":{"start":{"line":305,"column":22},"end":{"line":305,"column":null}},"203":{"start":{"line":310,"column":4},"end":{"line":310,"column":null}},"204":{"start":{"line":311,"column":4},"end":{"line":324,"column":null}},"205":{"start":{"line":312,"column":18},"end":{"line":314,"column":null}},"206":{"start":{"line":315,"column":19},"end":{"line":315,"column":null}},"207":{"start":{"line":315,"column":49},"end":{"line":315,"column":52}},"208":{"start":{"line":316,"column":6},"end":{"line":316,"column":null}},"209":{"start":{"line":316,"column":19},"end":{"line":316,"column":null}},"210":{"start":{"line":317,"column":6},"end":{"line":321,"column":null}},"211":{"start":{"line":318,"column":8},"end":{"line":318,"column":null}},"212":{"start":{"line":320,"column":8},"end":{"line":320,"column":null}},"213":{"start":{"line":322,"column":6},"end":{"line":322,"column":null}},"214":{"start":{"line":323,"column":20},"end":{"line":323,"column":53}},"215":{"start":{"line":324,"column":14},"end":{"line":324,"column":38}},"216":{"start":{"line":330,"column":4},"end":{"line":330,"column":null}},"217":{"start":{"line":330,"column":20},"end":{"line":330,"column":null}},"218":{"start":{"line":331,"column":4},"end":{"line":337,"column":null}},"219":{"start":{"line":335,"column":25},"end":{"line":335,"column":49}},"220":{"start":{"line":335,"column":49},"end":{"line":335,"column":75}},"221":{"start":{"line":336,"column":22},"end":{"line":336,"column":null}},"222":{"start":{"line":341,"column":4},"end":{"line":341,"column":null}},"223":{"start":{"line":342,"column":4},"end":{"line":351,"column":null}},"224":{"start":{"line":343,"column":18},"end":{"line":345,"column":null}},"225":{"start":{"line":346,"column":19},"end":{"line":346,"column":null}},"226":{"start":{"line":346,"column":49},"end":{"line":346,"column":52}},"227":{"start":{"line":347,"column":6},"end":{"line":347,"column":null}},"228":{"start":{"line":347,"column":19},"end":{"line":347,"column":null}},"229":{"start":{"line":348,"column":6},"end":{"line":348,"column":null}},"230":{"start":{"line":349,"column":6},"end":{"line":349,"column":null}},"231":{"start":{"line":350,"column":20},"end":{"line":350,"column":53}},"232":{"start":{"line":351,"column":14},"end":{"line":351,"column":38}},"233":{"start":{"line":356,"column":2},"end":{"line":356,"column":null}},"234":{"start":{"line":356,"column":15},"end":{"line":356,"column":null}},"235":{"start":{"line":357,"column":2},"end":{"line":357,"column":null}},"236":{"start":{"line":357,"column":13},"end":{"line":357,"column":null}},"237":{"start":{"line":357,"column":129},"end":{"line":357,"column":139}},"238":{"start":{"line":358,"column":2},"end":{"line":358,"column":null}},"239":{"start":{"line":358,"column":14},"end":{"line":358,"column":null}},"240":{"start":{"line":360,"column":2},"end":{"line":693,"column":null}},"241":{"start":{"line":362,"column":51},"end":{"line":362,"column":61}},"242":{"start":{"line":379,"column":96},"end":{"line":379,"column":142}},"243":{"start":{"line":383,"column":104},"end":{"line":383,"column":156}},"244":{"start":{"line":386,"column":90},"end":{"line":386,"column":137}},"245":{"start":{"line":391,"column":101},"end":{"line":391,"column":null}},"246":{"start":{"line":398,"column":127},"end":{"line":398,"column":187}},"247":{"start":{"line":402,"column":91},"end":{"line":402,"column":141}},"248":{"start":{"line":405,"column":94},"end":{"line":405,"column":147}},"249":{"start":{"line":409,"column":151},"end":{"line":409,"column":184}},"250":{"start":{"line":410,"column":106},"end":{"line":410,"column":139}},"251":{"start":{"line":414,"column":126},"end":{"line":414,"column":179}},"252":{"start":{"line":417,"column":93},"end":{"line":417,"column":153}},"253":{"start":{"line":432,"column":95},"end":{"line":432,"column":127}},"254":{"start":{"line":453,"column":24},"end":{"line":468,"column":null}},"255":{"start":{"line":461,"column":84},"end":{"line":461,"column":115}},"256":{"start":{"line":464,"column":83},"end":{"line":464,"column":113}},"257":{"start":{"line":477,"column":87},"end":{"line":477,"column":null}},"258":{"start":{"line":480,"column":37},"end":{"line":480,"column":102}},"259":{"start":{"line":482,"column":24},"end":{"line":482,"column":null}},"260":{"start":{"line":498,"column":97},"end":{"line":498,"column":156}},"261":{"start":{"line":502,"column":163},"end":{"line":502,"column":229}},"262":{"start":{"line":503,"column":118},"end":{"line":503,"column":184}},"263":{"start":{"line":508,"column":152},"end":{"line":508,"column":216}},"264":{"start":{"line":509,"column":107},"end":{"line":509,"column":171}},"265":{"start":{"line":514,"column":93},"end":{"line":514,"column":155}},"266":{"start":{"line":517,"column":96},"end":{"line":517,"column":161}},"267":{"start":{"line":521,"column":111},"end":{"line":521,"column":170}},"268":{"start":{"line":542,"column":24},"end":{"line":548,"column":null}},"269":{"start":{"line":547,"column":81},"end":{"line":547,"column":108}},"270":{"start":{"line":557,"column":73},"end":{"line":557,"column":83}},"271":{"start":{"line":611,"column":54},"end":{"line":611,"column":72}},"272":{"start":{"line":612,"column":18},"end":{"line":617,"column":null}},"273":{"start":{"line":627,"column":18},"end":{"line":633,"column":null}},"274":{"start":{"line":668,"column":53},"end":{"line":668,"column":null}},"275":{"start":{"line":669,"column":57},"end":{"line":669,"column":null}},"276":{"start":{"line":689,"column":118},"end":{"line":689,"column":null}}},"fnMap":{"0":{"name":"authHeaders","decl":{"start":{"line":7,"column":9},"end":{"line":7,"column":23}},"loc":{"start":{"line":7,"column":23},"end":{"line":13,"column":null}},"line":7},"1":{"name":"formatDateTime","decl":{"start":{"line":15,"column":9},"end":{"line":15,"column":24}},"loc":{"start":{"line":15,"column":29},"end":{"line":26,"column":null}},"line":15},"2":{"name":"GroupDetail","decl":{"start":{"line":28,"column":24},"end":{"line":28,"column":38}},"loc":{"start":{"line":28,"column":38},"end":{"line":695,"column":null}},"line":28},"3":{"name":"showToast","decl":{"start":{"line":54,"column":11},"end":{"line":54,"column":21}},"loc":{"start":{"line":54,"column":48},"end":{"line":58,"column":null}},"line":54},"4":{"name":"(anonymous_4)","decl":{"start":{"line":57,"column":36},"end":{"line":57,"column":42}},"loc":{"start":{"line":57,"column":42},"end":{"line":57,"column":58}},"line":57},"5":{"name":"loadGroup","decl":{"start":{"line":60,"column":17},"end":{"line":60,"column":29}},"loc":{"start":{"line":60,"column":29},"end":{"line":116,"column":null}},"line":60},"6":{"name":"(anonymous_6)","decl":{"start":{"line":74,"column":64},"end":{"line":74,"column":65}},"loc":{"start":{"line":74,"column":71},"end":{"line":74,"column":103}},"line":74},"7":{"name":"(anonymous_7)","decl":{"start":{"line":79,"column":33},"end":{"line":79,"column":34}},"loc":{"start":{"line":79,"column":40},"end":{"line":79,"column":58}},"line":79},"8":{"name":"(anonymous_8)","decl":{"start":{"line":79,"column":64},"end":{"line":79,"column":65}},"loc":{"start":{"line":79,"column":72},"end":{"line":79,"column":99}},"line":79},"9":{"name":"(anonymous_9)","decl":{"start":{"line":98,"column":42},"end":{"line":98,"column":49}},"loc":{"start":{"line":98,"column":49},"end":{"line":98,"column":52}},"line":98},"10":{"name":"(anonymous_10)","decl":{"start":{"line":108,"column":21},"end":{"line":108,"column":22}},"loc":{"start":{"line":108,"column":32},"end":{"line":108,"column":112}},"line":108},"11":{"name":"(anonymous_11)","decl":{"start":{"line":118,"column":12},"end":{"line":118,"column":18}},"loc":{"start":{"line":118,"column":18},"end":{"line":118,"column":36}},"line":118},"12":{"name":"handleUpdateGroup","decl":{"start":{"line":124,"column":17},"end":{"line":124,"column":35}},"loc":{"start":{"line":124,"column":38},"end":{"line":145,"column":null}},"line":124},"13":{"name":"(anonymous_13)","decl":{"start":{"line":140,"column":42},"end":{"line":140,"column":49}},"loc":{"start":{"line":140,"column":49},"end":{"line":140,"column":52}},"line":140},"14":{"name":"handleCreateSession","decl":{"start":{"line":147,"column":17},"end":{"line":147,"column":37}},"loc":{"start":{"line":147,"column":40},"end":{"line":166,"column":null}},"line":147},"15":{"name":"(anonymous_15)","decl":{"start":{"line":161,"column":42},"end":{"line":161,"column":49}},"loc":{"start":{"line":161,"column":49},"end":{"line":161,"column":52}},"line":161},"16":{"name":"handleDeleteSession","decl":{"start":{"line":168,"column":11},"end":{"line":168,"column":31}},"loc":{"start":{"line":168,"column":42},"end":{"line":177,"column":null}},"line":168},"17":{"name":"(anonymous_17)","decl":{"start":{"line":174,"column":17},"end":{"line":174,"column":23}},"loc":{"start":{"line":174,"column":23},"end":{"line":174,"column":null}},"line":174},"18":{"name":"(anonymous_18)","decl":{"start":{"line":175,"column":16},"end":{"line":175,"column":22}},"loc":{"start":{"line":175,"column":22},"end":{"line":175,"column":null}},"line":175},"19":{"name":"executeDeleteSession","decl":{"start":{"line":179,"column":17},"end":{"line":179,"column":38}},"loc":{"start":{"line":179,"column":49},"end":{"line":188,"column":null}},"line":179},"20":{"name":"(anonymous_20)","decl":{"start":{"line":184,"column":42},"end":{"line":184,"column":49}},"loc":{"start":{"line":184,"column":49},"end":{"line":184,"column":52}},"line":184},"21":{"name":"handleInviteMember","decl":{"start":{"line":190,"column":17},"end":{"line":190,"column":36}},"loc":{"start":{"line":190,"column":39},"end":{"line":207,"column":null}},"line":190},"22":{"name":"(anonymous_22)","decl":{"start":{"line":199,"column":42},"end":{"line":199,"column":49}},"loc":{"start":{"line":199,"column":49},"end":{"line":199,"column":52}},"line":199},"23":{"name":"handleApproveMember","decl":{"start":{"line":209,"column":17},"end":{"line":209,"column":37}},"loc":{"start":{"line":209,"column":45},"end":{"line":221,"column":null}},"line":209},"24":{"name":"(anonymous_24)","decl":{"start":{"line":216,"column":42},"end":{"line":216,"column":49}},"loc":{"start":{"line":216,"column":49},"end":{"line":216,"column":52}},"line":216},"25":{"name":"handleRemoveMember","decl":{"start":{"line":223,"column":11},"end":{"line":223,"column":30}},"loc":{"start":{"line":223,"column":38},"end":{"line":232,"column":null}},"line":223},"26":{"name":"(anonymous_26)","decl":{"start":{"line":229,"column":17},"end":{"line":229,"column":23}},"loc":{"start":{"line":229,"column":23},"end":{"line":229,"column":null}},"line":229},"27":{"name":"(anonymous_27)","decl":{"start":{"line":230,"column":16},"end":{"line":230,"column":22}},"loc":{"start":{"line":230,"column":22},"end":{"line":230,"column":null}},"line":230},"28":{"name":"executeRemoveMember","decl":{"start":{"line":234,"column":17},"end":{"line":234,"column":37}},"loc":{"start":{"line":234,"column":45},"end":{"line":245,"column":null}},"line":234},"29":{"name":"(anonymous_29)","decl":{"start":{"line":240,"column":42},"end":{"line":240,"column":49}},"loc":{"start":{"line":240,"column":49},"end":{"line":240,"column":52}},"line":240},"30":{"name":"handleTransferOwnership","decl":{"start":{"line":247,"column":17},"end":{"line":247,"column":43}},"loc":{"start":{"line":247,"column":43},"end":{"line":256,"column":null}},"line":247},"31":{"name":"(anonymous_31)","decl":{"start":{"line":253,"column":17},"end":{"line":253,"column":23}},"loc":{"start":{"line":253,"column":23},"end":{"line":253,"column":null}},"line":253},"32":{"name":"(anonymous_32)","decl":{"start":{"line":254,"column":16},"end":{"line":254,"column":22}},"loc":{"start":{"line":254,"column":22},"end":{"line":254,"column":null}},"line":254},"33":{"name":"executeTransferOwnership","decl":{"start":{"line":258,"column":17},"end":{"line":258,"column":44}},"loc":{"start":{"line":258,"column":44},"end":{"line":269,"column":null}},"line":258},"34":{"name":"(anonymous_34)","decl":{"start":{"line":264,"column":42},"end":{"line":264,"column":49}},"loc":{"start":{"line":264,"column":49},"end":{"line":264,"column":52}},"line":264},"35":{"name":"handleDissolveGroup","decl":{"start":{"line":271,"column":11},"end":{"line":271,"column":33}},"loc":{"start":{"line":271,"column":33},"end":{"line":280,"column":null}},"line":271},"36":{"name":"(anonymous_36)","decl":{"start":{"line":277,"column":17},"end":{"line":277,"column":23}},"loc":{"start":{"line":277,"column":23},"end":{"line":277,"column":null}},"line":277},"37":{"name":"(anonymous_37)","decl":{"start":{"line":278,"column":16},"end":{"line":278,"column":22}},"loc":{"start":{"line":278,"column":22},"end":{"line":278,"column":null}},"line":278},"38":{"name":"executeDissolveGroup","decl":{"start":{"line":282,"column":17},"end":{"line":282,"column":40}},"loc":{"start":{"line":282,"column":40},"end":{"line":294,"column":null}},"line":282},"39":{"name":"(anonymous_39)","decl":{"start":{"line":288,"column":42},"end":{"line":288,"column":49}},"loc":{"start":{"line":288,"column":49},"end":{"line":288,"column":52}},"line":288},"40":{"name":"handleJoinFromDetail","decl":{"start":{"line":298,"column":11},"end":{"line":298,"column":34}},"loc":{"start":{"line":298,"column":34},"end":{"line":307,"column":null}},"line":298},"41":{"name":"(anonymous_41)","decl":{"start":{"line":304,"column":17},"end":{"line":304,"column":23}},"loc":{"start":{"line":304,"column":23},"end":{"line":304,"column":null}},"line":304},"42":{"name":"(anonymous_42)","decl":{"start":{"line":305,"column":16},"end":{"line":305,"column":22}},"loc":{"start":{"line":305,"column":22},"end":{"line":305,"column":null}},"line":305},"43":{"name":"executeJoinFromDetail","decl":{"start":{"line":309,"column":17},"end":{"line":309,"column":41}},"loc":{"start":{"line":309,"column":41},"end":{"line":325,"column":null}},"line":309},"44":{"name":"(anonymous_44)","decl":{"start":{"line":315,"column":42},"end":{"line":315,"column":49}},"loc":{"start":{"line":315,"column":49},"end":{"line":315,"column":52}},"line":315},"45":{"name":"handleLeaveFromDetail","decl":{"start":{"line":329,"column":11},"end":{"line":329,"column":35}},"loc":{"start":{"line":329,"column":35},"end":{"line":338,"column":null}},"line":329},"46":{"name":"(anonymous_46)","decl":{"start":{"line":335,"column":17},"end":{"line":335,"column":23}},"loc":{"start":{"line":335,"column":23},"end":{"line":335,"column":null}},"line":335},"47":{"name":"(anonymous_47)","decl":{"start":{"line":336,"column":16},"end":{"line":336,"column":22}},"loc":{"start":{"line":336,"column":22},"end":{"line":336,"column":null}},"line":336},"48":{"name":"executeLeaveFromDetail","decl":{"start":{"line":340,"column":17},"end":{"line":340,"column":42}},"loc":{"start":{"line":340,"column":42},"end":{"line":352,"column":null}},"line":340},"49":{"name":"(anonymous_49)","decl":{"start":{"line":346,"column":42},"end":{"line":346,"column":49}},"loc":{"start":{"line":346,"column":49},"end":{"line":346,"column":52}},"line":346},"50":{"name":"(anonymous_50)","decl":{"start":{"line":357,"column":123},"end":{"line":357,"column":129}},"loc":{"start":{"line":357,"column":129},"end":{"line":357,"column":139}},"line":357},"51":{"name":"(anonymous_51)","decl":{"start":{"line":362,"column":45},"end":{"line":362,"column":51}},"loc":{"start":{"line":362,"column":51},"end":{"line":362,"column":61}},"line":362},"52":{"name":"(anonymous_52)","decl":{"start":{"line":379,"column":89},"end":{"line":379,"column":90}},"loc":{"start":{"line":379,"column":96},"end":{"line":379,"column":142}},"line":379},"53":{"name":"(anonymous_53)","decl":{"start":{"line":383,"column":97},"end":{"line":383,"column":98}},"loc":{"start":{"line":383,"column":104},"end":{"line":383,"column":156}},"line":383},"54":{"name":"(anonymous_54)","decl":{"start":{"line":386,"column":83},"end":{"line":386,"column":84}},"loc":{"start":{"line":386,"column":90},"end":{"line":386,"column":137}},"line":386},"55":{"name":"(anonymous_55)","decl":{"start":{"line":391,"column":94},"end":{"line":391,"column":95}},"loc":{"start":{"line":391,"column":101},"end":{"line":391,"column":null}},"line":391},"56":{"name":"(anonymous_56)","decl":{"start":{"line":398,"column":120},"end":{"line":398,"column":121}},"loc":{"start":{"line":398,"column":127},"end":{"line":398,"column":187}},"line":398},"57":{"name":"(anonymous_57)","decl":{"start":{"line":402,"column":84},"end":{"line":402,"column":85}},"loc":{"start":{"line":402,"column":91},"end":{"line":402,"column":141}},"line":402},"58":{"name":"(anonymous_58)","decl":{"start":{"line":405,"column":87},"end":{"line":405,"column":88}},"loc":{"start":{"line":405,"column":94},"end":{"line":405,"column":147}},"line":405},"59":{"name":"(anonymous_59)","decl":{"start":{"line":409,"column":144},"end":{"line":409,"column":145}},"loc":{"start":{"line":409,"column":151},"end":{"line":409,"column":184}},"line":409},"60":{"name":"(anonymous_60)","decl":{"start":{"line":410,"column":99},"end":{"line":410,"column":100}},"loc":{"start":{"line":410,"column":106},"end":{"line":410,"column":139}},"line":410},"61":{"name":"(anonymous_61)","decl":{"start":{"line":414,"column":119},"end":{"line":414,"column":120}},"loc":{"start":{"line":414,"column":126},"end":{"line":414,"column":179}},"line":414},"62":{"name":"(anonymous_62)","decl":{"start":{"line":417,"column":86},"end":{"line":417,"column":87}},"loc":{"start":{"line":417,"column":93},"end":{"line":417,"column":153}},"line":417},"63":{"name":"(anonymous_63)","decl":{"start":{"line":432,"column":88},"end":{"line":432,"column":89}},"loc":{"start":{"line":432,"column":95},"end":{"line":432,"column":127}},"line":432},"64":{"name":"(anonymous_64)","decl":{"start":{"line":452,"column":35},"end":{"line":452,"column":36}},"loc":{"start":{"line":453,"column":24},"end":{"line":468,"column":null}},"line":453},"65":{"name":"(anonymous_65)","decl":{"start":{"line":461,"column":78},"end":{"line":461,"column":84}},"loc":{"start":{"line":461,"column":84},"end":{"line":461,"column":115}},"line":461},"66":{"name":"(anonymous_66)","decl":{"start":{"line":464,"column":77},"end":{"line":464,"column":83}},"loc":{"start":{"line":464,"column":83},"end":{"line":464,"column":113}},"line":464},"67":{"name":"(anonymous_67)","decl":{"start":{"line":477,"column":80},"end":{"line":477,"column":81}},"loc":{"start":{"line":477,"column":87},"end":{"line":477,"column":null}},"line":477},"68":{"name":"(anonymous_68)","decl":{"start":{"line":480,"column":30},"end":{"line":480,"column":31}},"loc":{"start":{"line":480,"column":37},"end":{"line":480,"column":102}},"line":480},"69":{"name":"(anonymous_69)","decl":{"start":{"line":481,"column":27},"end":{"line":481,"column":28}},"loc":{"start":{"line":482,"column":24},"end":{"line":482,"column":null}},"line":482},"70":{"name":"(anonymous_70)","decl":{"start":{"line":498,"column":90},"end":{"line":498,"column":91}},"loc":{"start":{"line":498,"column":97},"end":{"line":498,"column":156}},"line":498},"71":{"name":"(anonymous_71)","decl":{"start":{"line":502,"column":156},"end":{"line":502,"column":157}},"loc":{"start":{"line":502,"column":163},"end":{"line":502,"column":229}},"line":502},"72":{"name":"(anonymous_72)","decl":{"start":{"line":503,"column":111},"end":{"line":503,"column":112}},"loc":{"start":{"line":503,"column":118},"end":{"line":503,"column":184}},"line":503},"73":{"name":"(anonymous_73)","decl":{"start":{"line":508,"column":145},"end":{"line":508,"column":146}},"loc":{"start":{"line":508,"column":152},"end":{"line":508,"column":216}},"line":508},"74":{"name":"(anonymous_74)","decl":{"start":{"line":509,"column":100},"end":{"line":509,"column":101}},"loc":{"start":{"line":509,"column":107},"end":{"line":509,"column":171}},"line":509},"75":{"name":"(anonymous_75)","decl":{"start":{"line":514,"column":86},"end":{"line":514,"column":87}},"loc":{"start":{"line":514,"column":93},"end":{"line":514,"column":155}},"line":514},"76":{"name":"(anonymous_76)","decl":{"start":{"line":517,"column":89},"end":{"line":517,"column":90}},"loc":{"start":{"line":517,"column":96},"end":{"line":517,"column":161}},"line":517},"77":{"name":"(anonymous_77)","decl":{"start":{"line":521,"column":104},"end":{"line":521,"column":105}},"loc":{"start":{"line":521,"column":111},"end":{"line":521,"column":170}},"line":521},"78":{"name":"(anonymous_78)","decl":{"start":{"line":541,"column":36},"end":{"line":541,"column":37}},"loc":{"start":{"line":542,"column":24},"end":{"line":548,"column":null}},"line":542},"79":{"name":"(anonymous_79)","decl":{"start":{"line":547,"column":75},"end":{"line":547,"column":81}},"loc":{"start":{"line":547,"column":81},"end":{"line":547,"column":108}},"line":547},"80":{"name":"(anonymous_80)","decl":{"start":{"line":557,"column":67},"end":{"line":557,"column":73}},"loc":{"start":{"line":557,"column":73},"end":{"line":557,"column":83}},"line":557},"81":{"name":"(anonymous_81)","decl":{"start":{"line":611,"column":47},"end":{"line":611,"column":48}},"loc":{"start":{"line":611,"column":54},"end":{"line":611,"column":72}},"line":611},"82":{"name":"(anonymous_82)","decl":{"start":{"line":611,"column":89},"end":{"line":611,"column":90}},"loc":{"start":{"line":612,"column":18},"end":{"line":617,"column":null}},"line":612},"83":{"name":"(anonymous_83)","decl":{"start":{"line":626,"column":30},"end":{"line":626,"column":31}},"loc":{"start":{"line":627,"column":18},"end":{"line":633,"column":null}},"line":627},"84":{"name":"(anonymous_84)","decl":{"start":{"line":668,"column":47},"end":{"line":668,"column":53}},"loc":{"start":{"line":668,"column":53},"end":{"line":668,"column":null}},"line":668},"85":{"name":"(anonymous_85)","decl":{"start":{"line":669,"column":50},"end":{"line":669,"column":51}},"loc":{"start":{"line":669,"column":57},"end":{"line":669,"column":null}},"line":669},"86":{"name":"(anonymous_86)","decl":{"start":{"line":689,"column":112},"end":{"line":689,"column":118}},"loc":{"start":{"line":689,"column":118},"end":{"line":689,"column":null}},"line":689}},"branchMap":{"0":{"loc":{"start":{"line":5,"column":17},"end":{"line":5,"column":null}},"type":"binary-expr","locations":[{"start":{"line":5,"column":17},"end":{"line":5,"column":50}},{"start":{"line":5,"column":50},"end":{"line":5,"column":null}}],"line":5},"1":{"loc":{"start":{"line":11,"column":8},"end":{"line":11,"column":null}},"type":"cond-expr","locations":[{"start":{"line":11,"column":16},"end":{"line":11,"column":55}},{"start":{"line":11,"column":55},"end":{"line":11,"column":null}}],"line":11},"2":{"loc":{"start":{"line":16,"column":2},"end":{"line":16,"column":null}},"type":"if","locations":[{"start":{"line":16,"column":2},"end":{"line":16,"column":null}},{"start":{},"end":{}}],"line":16},"3":{"loc":{"start":{"line":18,"column":2},"end":{"line":18,"column":null}},"type":"if","locations":[{"start":{"line":18,"column":2},"end":{"line":18,"column":null}},{"start":{},"end":{}}],"line":18},"4":{"loc":{"start":{"line":54,"column":30},"end":{"line":54,"column":48}},"type":"default-arg","locations":[{"start":{"line":54,"column":37},"end":{"line":54,"column":48}}],"line":54},"5":{"loc":{"start":{"line":67,"column":6},"end":{"line":96,"column":null}},"type":"if","locations":[{"start":{"line":67,"column":6},"end":{"line":96,"column":null}},{"start":{},"end":{}}],"line":67},"6":{"loc":{"start":{"line":67,"column":10},"end":{"line":67,"column":52}},"type":"binary-expr","locations":[{"start":{"line":67,"column":10},"end":{"line":67,"column":32}},{"start":{"line":67,"column":32},"end":{"line":67,"column":52}}],"line":67},"7":{"loc":{"start":{"line":72,"column":8},"end":{"line":72,"column":null}},"type":"if","locations":[{"start":{"line":72,"column":8},"end":{"line":72,"column":null}},{"start":{},"end":{}}],"line":72},"8":{"loc":{"start":{"line":74,"column":22},"end":{"line":74,"column":null}},"type":"cond-expr","locations":[{"start":{"line":74,"column":49},"end":{"line":74,"column":107}},{"start":{"line":74,"column":107},"end":{"line":74,"column":null}}],"line":74},"9":{"loc":{"start":{"line":75,"column":8},"end":{"line":75,"column":null}},"type":"if","locations":[{"start":{"line":75,"column":8},"end":{"line":75,"column":null}},{"start":{},"end":{}}],"line":75},"10":{"loc":{"start":{"line":76,"column":41},"end":{"line":76,"column":84}},"type":"binary-expr","locations":[{"start":{"line":76,"column":41},"end":{"line":76,"column":61}},{"start":{"line":76,"column":61},"end":{"line":76,"column":81}},{"start":{"line":76,"column":81},"end":{"line":76,"column":84}}],"line":76},"11":{"loc":{"start":{"line":78,"column":27},"end":{"line":80,"column":null}},"type":"cond-expr","locations":[{"start":{"line":79,"column":12},"end":{"line":79,"column":null}},{"start":{"line":80,"column":12},"end":{"line":80,"column":null}}],"line":78},"12":{"loc":{"start":{"line":82,"column":8},"end":{"line":91,"column":null}},"type":"if","locations":[{"start":{"line":82,"column":8},"end":{"line":91,"column":null}},{"start":{},"end":{}}],"line":82},"13":{"loc":{"start":{"line":82,"column":12},"end":{"line":82,"column":58}},"type":"binary-expr","locations":[{"start":{"line":82,"column":12},"end":{"line":82,"column":41}},{"start":{"line":82,"column":41},"end":{"line":82,"column":58}}],"line":82},"14":{"loc":{"start":{"line":83,"column":32},"end":{"line":83,"column":null}},"type":"binary-expr","locations":[{"start":{"line":83,"column":32},"end":{"line":83,"column":51}},{"start":{"line":83,"column":51},"end":{"line":83,"column":74}},{"start":{"line":83,"column":74},"end":{"line":83,"column":null}}],"line":83},"15":{"loc":{"start":{"line":87,"column":23},"end":{"line":87,"column":null}},"type":"binary-expr","locations":[{"start":{"line":87,"column":23},"end":{"line":87,"column":47}},{"start":{"line":87,"column":47},"end":{"line":87,"column":75}},{"start":{"line":87,"column":75},"end":{"line":87,"column":91}},{"start":{"line":87,"column":91},"end":{"line":87,"column":null}}],"line":87},"16":{"loc":{"start":{"line":88,"column":22},"end":{"line":88,"column":null}},"type":"binary-expr","locations":[{"start":{"line":88,"column":22},"end":{"line":88,"column":45}},{"start":{"line":88,"column":45},"end":{"line":88,"column":72}},{"start":{"line":88,"column":72},"end":{"line":88,"column":104}},{"start":{"line":88,"column":104},"end":{"line":88,"column":null}}],"line":88},"17":{"loc":{"start":{"line":93,"column":20},"end":{"line":93,"column":71}},"type":"cond-expr","locations":[{"start":{"line":93,"column":52},"end":{"line":93,"column":69}},{"start":{"line":93,"column":69},"end":{"line":93,"column":71}}],"line":93},"18":{"loc":{"start":{"line":99,"column":6},"end":{"line":99,"column":null}},"type":"if","locations":[{"start":{"line":99,"column":6},"end":{"line":99,"column":null}},{"start":{},"end":{}}],"line":99},"19":{"loc":{"start":{"line":99,"column":35},"end":{"line":99,"column":88}},"type":"binary-expr","locations":[{"start":{"line":99,"column":35},"end":{"line":99,"column":50}},{"start":{"line":99,"column":50},"end":{"line":99,"column":88}}],"line":99},"20":{"loc":{"start":{"line":100,"column":38},"end":{"line":100,"column":79}},"type":"binary-expr","locations":[{"start":{"line":100,"column":38},"end":{"line":100,"column":57}},{"start":{"line":100,"column":57},"end":{"line":100,"column":76}},{"start":{"line":100,"column":76},"end":{"line":100,"column":79}}],"line":100},"21":{"loc":{"start":{"line":101,"column":17},"end":{"line":101,"column":64}},"type":"cond-expr","locations":[{"start":{"line":101,"column":47},"end":{"line":101,"column":62}},{"start":{"line":101,"column":62},"end":{"line":101,"column":64}}],"line":101},"22":{"loc":{"start":{"line":102,"column":18},"end":{"line":102,"column":67}},"type":"cond-expr","locations":[{"start":{"line":102,"column":49},"end":{"line":102,"column":65}},{"start":{"line":102,"column":65},"end":{"line":102,"column":67}}],"line":102},"23":{"loc":{"start":{"line":104,"column":17},"end":{"line":104,"column":null}},"type":"cond-expr","locations":[{"start":{"line":104,"column":62},"end":{"line":104,"column":87}},{"start":{"line":104,"column":87},"end":{"line":104,"column":null}}],"line":104},"24":{"loc":{"start":{"line":106,"column":22},"end":{"line":106,"column":36}},"type":"binary-expr","locations":[{"start":{"line":106,"column":22},"end":{"line":106,"column":34}},{"start":{"line":106,"column":34},"end":{"line":106,"column":36}}],"line":106},"25":{"loc":{"start":{"line":107,"column":22},"end":{"line":107,"column":62}},"type":"cond-expr","locations":[{"start":{"line":107,"column":33},"end":{"line":107,"column":60}},{"start":{"line":107,"column":60},"end":{"line":107,"column":62}}],"line":107},"26":{"loc":{"start":{"line":108,"column":53},"end":{"line":108,"column":74}},"type":"binary-expr","locations":[{"start":{"line":108,"column":53},"end":{"line":108,"column":70}},{"start":{"line":108,"column":70},"end":{"line":108,"column":74}}],"line":108},"27":{"loc":{"start":{"line":108,"column":87},"end":{"line":108,"column":110}},"type":"binary-expr","locations":[{"start":{"line":108,"column":87},"end":{"line":108,"column":107}},{"start":{"line":108,"column":107},"end":{"line":108,"column":110}}],"line":108},"28":{"loc":{"start":{"line":126,"column":4},"end":{"line":126,"column":null}},"type":"if","locations":[{"start":{"line":126,"column":4},"end":{"line":126,"column":null}},{"start":{},"end":{}}],"line":126},"29":{"loc":{"start":{"line":141,"column":6},"end":{"line":141,"column":null}},"type":"if","locations":[{"start":{"line":141,"column":6},"end":{"line":141,"column":null}},{"start":{},"end":{}}],"line":141},"30":{"loc":{"start":{"line":141,"column":35},"end":{"line":141,"column":81}},"type":"binary-expr","locations":[{"start":{"line":141,"column":35},"end":{"line":141,"column":50}},{"start":{"line":141,"column":50},"end":{"line":141,"column":81}}],"line":141},"31":{"loc":{"start":{"line":149,"column":4},"end":{"line":149,"column":null}},"type":"if","locations":[{"start":{"line":149,"column":4},"end":{"line":149,"column":null}},{"start":{},"end":{}}],"line":149},"32":{"loc":{"start":{"line":154,"column":16},"end":{"line":154,"column":null}},"type":"cond-expr","locations":[{"start":{"line":154,"column":41},"end":{"line":154,"column":118}},{"start":{"line":154,"column":118},"end":{"line":154,"column":null}}],"line":154},"33":{"loc":{"start":{"line":162,"column":6},"end":{"line":162,"column":null}},"type":"if","locations":[{"start":{"line":162,"column":6},"end":{"line":162,"column":null}},{"start":{},"end":{}}],"line":162},"34":{"loc":{"start":{"line":162,"column":35},"end":{"line":162,"column":89}},"type":"binary-expr","locations":[{"start":{"line":162,"column":35},"end":{"line":162,"column":50}},{"start":{"line":162,"column":50},"end":{"line":162,"column":89}}],"line":162},"35":{"loc":{"start":{"line":169,"column":4},"end":{"line":169,"column":null}},"type":"if","locations":[{"start":{"line":169,"column":4},"end":{"line":169,"column":null}},{"start":{},"end":{}}],"line":169},"36":{"loc":{"start":{"line":185,"column":6},"end":{"line":185,"column":null}},"type":"if","locations":[{"start":{"line":185,"column":6},"end":{"line":185,"column":null}},{"start":{},"end":{}}],"line":185},"37":{"loc":{"start":{"line":185,"column":35},"end":{"line":185,"column":89}},"type":"binary-expr","locations":[{"start":{"line":185,"column":35},"end":{"line":185,"column":50}},{"start":{"line":185,"column":50},"end":{"line":185,"column":89}}],"line":185},"38":{"loc":{"start":{"line":192,"column":4},"end":{"line":192,"column":null}},"type":"if","locations":[{"start":{"line":192,"column":4},"end":{"line":192,"column":null}},{"start":{},"end":{}}],"line":192},"39":{"loc":{"start":{"line":192,"column":8},"end":{"line":192,"column":43}},"type":"binary-expr","locations":[{"start":{"line":192,"column":8},"end":{"line":192,"column":22}},{"start":{"line":192,"column":22},"end":{"line":192,"column":43}}],"line":192},"40":{"loc":{"start":{"line":200,"column":6},"end":{"line":200,"column":null}},"type":"if","locations":[{"start":{"line":200,"column":6},"end":{"line":200,"column":null}},{"start":{},"end":{}}],"line":200},"41":{"loc":{"start":{"line":200,"column":35},"end":{"line":200,"column":81}},"type":"binary-expr","locations":[{"start":{"line":200,"column":35},"end":{"line":200,"column":50}},{"start":{"line":200,"column":50},"end":{"line":200,"column":81}}],"line":200},"42":{"loc":{"start":{"line":210,"column":4},"end":{"line":210,"column":null}},"type":"if","locations":[{"start":{"line":210,"column":4},"end":{"line":210,"column":null}},{"start":{},"end":{}}],"line":210},"43":{"loc":{"start":{"line":217,"column":6},"end":{"line":217,"column":null}},"type":"if","locations":[{"start":{"line":217,"column":6},"end":{"line":217,"column":null}},{"start":{},"end":{}}],"line":217},"44":{"loc":{"start":{"line":217,"column":35},"end":{"line":217,"column":82}},"type":"binary-expr","locations":[{"start":{"line":217,"column":35},"end":{"line":217,"column":50}},{"start":{"line":217,"column":50},"end":{"line":217,"column":82}}],"line":217},"45":{"loc":{"start":{"line":224,"column":4},"end":{"line":224,"column":null}},"type":"if","locations":[{"start":{"line":224,"column":4},"end":{"line":224,"column":null}},{"start":{},"end":{}}],"line":224},"46":{"loc":{"start":{"line":241,"column":6},"end":{"line":241,"column":null}},"type":"if","locations":[{"start":{"line":241,"column":6},"end":{"line":241,"column":null}},{"start":{},"end":{}}],"line":241},"47":{"loc":{"start":{"line":241,"column":35},"end":{"line":241,"column":81}},"type":"binary-expr","locations":[{"start":{"line":241,"column":35},"end":{"line":241,"column":50}},{"start":{"line":241,"column":50},"end":{"line":241,"column":81}}],"line":241},"48":{"loc":{"start":{"line":248,"column":4},"end":{"line":248,"column":null}},"type":"if","locations":[{"start":{"line":248,"column":4},"end":{"line":248,"column":null}},{"start":{},"end":{}}],"line":248},"49":{"loc":{"start":{"line":248,"column":8},"end":{"line":248,"column":40}},"type":"binary-expr","locations":[{"start":{"line":248,"column":8},"end":{"line":248,"column":22}},{"start":{"line":248,"column":22},"end":{"line":248,"column":40}}],"line":248},"50":{"loc":{"start":{"line":265,"column":6},"end":{"line":265,"column":null}},"type":"if","locations":[{"start":{"line":265,"column":6},"end":{"line":265,"column":null}},{"start":{},"end":{}}],"line":265},"51":{"loc":{"start":{"line":265,"column":35},"end":{"line":265,"column":83}},"type":"binary-expr","locations":[{"start":{"line":265,"column":35},"end":{"line":265,"column":50}},{"start":{"line":265,"column":50},"end":{"line":265,"column":83}}],"line":265},"52":{"loc":{"start":{"line":272,"column":4},"end":{"line":272,"column":null}},"type":"if","locations":[{"start":{"line":272,"column":4},"end":{"line":272,"column":null}},{"start":{},"end":{}}],"line":272},"53":{"loc":{"start":{"line":289,"column":6},"end":{"line":289,"column":null}},"type":"if","locations":[{"start":{"line":289,"column":6},"end":{"line":289,"column":null}},{"start":{},"end":{}}],"line":289},"54":{"loc":{"start":{"line":289,"column":35},"end":{"line":289,"column":83}},"type":"binary-expr","locations":[{"start":{"line":289,"column":35},"end":{"line":289,"column":50}},{"start":{"line":289,"column":50},"end":{"line":289,"column":83}}],"line":289},"55":{"loc":{"start":{"line":299,"column":4},"end":{"line":299,"column":null}},"type":"if","locations":[{"start":{"line":299,"column":4},"end":{"line":299,"column":null}},{"start":{},"end":{}}],"line":299},"56":{"loc":{"start":{"line":316,"column":6},"end":{"line":316,"column":null}},"type":"if","locations":[{"start":{"line":316,"column":6},"end":{"line":316,"column":null}},{"start":{},"end":{}}],"line":316},"57":{"loc":{"start":{"line":316,"column":35},"end":{"line":316,"column":79}},"type":"binary-expr","locations":[{"start":{"line":316,"column":35},"end":{"line":316,"column":50}},{"start":{"line":316,"column":50},"end":{"line":316,"column":79}}],"line":316},"58":{"loc":{"start":{"line":317,"column":6},"end":{"line":321,"column":null}},"type":"if","locations":[{"start":{"line":317,"column":6},"end":{"line":321,"column":null}},{"start":{"line":319,"column":13},"end":{"line":321,"column":null}}],"line":317},"59":{"loc":{"start":{"line":330,"column":4},"end":{"line":330,"column":null}},"type":"if","locations":[{"start":{"line":330,"column":4},"end":{"line":330,"column":null}},{"start":{},"end":{}}],"line":330},"60":{"loc":{"start":{"line":347,"column":6},"end":{"line":347,"column":null}},"type":"if","locations":[{"start":{"line":347,"column":6},"end":{"line":347,"column":null}},{"start":{},"end":{}}],"line":347},"61":{"loc":{"start":{"line":347,"column":35},"end":{"line":347,"column":80}},"type":"binary-expr","locations":[{"start":{"line":347,"column":35},"end":{"line":347,"column":50}},{"start":{"line":347,"column":50},"end":{"line":347,"column":80}}],"line":347},"62":{"loc":{"start":{"line":356,"column":2},"end":{"line":356,"column":null}},"type":"if","locations":[{"start":{"line":356,"column":2},"end":{"line":356,"column":null}},{"start":{},"end":{}}],"line":356},"63":{"loc":{"start":{"line":357,"column":2},"end":{"line":357,"column":null}},"type":"if","locations":[{"start":{"line":357,"column":2},"end":{"line":357,"column":null}},{"start":{},"end":{}}],"line":357},"64":{"loc":{"start":{"line":358,"column":2},"end":{"line":358,"column":null}},"type":"if","locations":[{"start":{"line":358,"column":2},"end":{"line":358,"column":null}},{"start":{},"end":{}}],"line":358},"65":{"loc":{"start":{"line":368,"column":13},"end":{"line":368,"column":null}},"type":"cond-expr","locations":[{"start":{"line":368,"column":44},"end":{"line":368,"column":55}},{"start":{"line":368,"column":55},"end":{"line":368,"column":null}}],"line":368},"66":{"loc":{"start":{"line":368,"column":55},"end":{"line":368,"column":null}},"type":"cond-expr","locations":[{"start":{"line":368,"column":86},"end":{"line":368,"column":97}},{"start":{"line":368,"column":97},"end":{"line":368,"column":null}}],"line":368},"67":{"loc":{"start":{"line":372,"column":9},"end":{"line":663,"column":null}},"type":"cond-expr","locations":[{"start":{"line":374,"column":10},"end":{"line":560,"column":null}},{"start":{"line":563,"column":10},"end":{"line":663,"column":null}}],"line":372},"68":{"loc":{"start":{"line":372,"column":9},"end":{"line":372,"column":null}},"type":"binary-expr","locations":[{"start":{"line":372,"column":9},"end":{"line":372,"column":20}},{"start":{"line":372,"column":20},"end":{"line":372,"column":null}}],"line":372},"69":{"loc":{"start":{"line":379,"column":61},"end":{"line":379,"column":79}},"type":"binary-expr","locations":[{"start":{"line":379,"column":61},"end":{"line":379,"column":75}},{"start":{"line":379,"column":75},"end":{"line":379,"column":79}}],"line":379},"70":{"loc":{"start":{"line":383,"column":63},"end":{"line":383,"column":87}},"type":"binary-expr","locations":[{"start":{"line":383,"column":63},"end":{"line":383,"column":83}},{"start":{"line":383,"column":83},"end":{"line":383,"column":87}}],"line":383},"71":{"loc":{"start":{"line":386,"column":54},"end":{"line":386,"column":73}},"type":"binary-expr","locations":[{"start":{"line":386,"column":54},"end":{"line":386,"column":69}},{"start":{"line":386,"column":69},"end":{"line":386,"column":73}}],"line":386},"72":{"loc":{"start":{"line":391,"column":55},"end":{"line":391,"column":84}},"type":"binary-expr","locations":[{"start":{"line":391,"column":55},"end":{"line":391,"column":74}},{"start":{"line":391,"column":74},"end":{"line":391,"column":84}}],"line":391},"73":{"loc":{"start":{"line":398,"column":86},"end":{"line":398,"column":110}},"type":"binary-expr","locations":[{"start":{"line":398,"column":86},"end":{"line":398,"column":106}},{"start":{"line":398,"column":106},"end":{"line":398,"column":110}}],"line":398},"74":{"loc":{"start":{"line":402,"column":52},"end":{"line":402,"column":74}},"type":"binary-expr","locations":[{"start":{"line":402,"column":52},"end":{"line":402,"column":70}},{"start":{"line":402,"column":70},"end":{"line":402,"column":74}}],"line":402},"75":{"loc":{"start":{"line":405,"column":52},"end":{"line":405,"column":77}},"type":"binary-expr","locations":[{"start":{"line":405,"column":52},"end":{"line":405,"column":73}},{"start":{"line":405,"column":73},"end":{"line":405,"column":77}}],"line":405},"76":{"loc":{"start":{"line":414,"column":84},"end":{"line":414,"column":109}},"type":"binary-expr","locations":[{"start":{"line":414,"column":84},"end":{"line":414,"column":105}},{"start":{"line":414,"column":105},"end":{"line":414,"column":109}}],"line":414},"77":{"loc":{"start":{"line":439,"column":15},"end":{"line":472,"column":null}},"type":"binary-expr","locations":[{"start":{"line":439,"column":15},"end":{"line":439,"column":null}},{"start":{"line":440,"column":16},"end":{"line":472,"column":null}}],"line":439},"78":{"loc":{"start":{"line":454,"column":31},"end":{"line":454,"column":95}},"type":"binary-expr","locations":[{"start":{"line":454,"column":31},"end":{"line":454,"column":86}},{"start":{"line":454,"column":86},"end":{"line":454,"column":95}}],"line":454},"79":{"loc":{"start":{"line":455,"column":31},"end":{"line":455,"column":46}},"type":"binary-expr","locations":[{"start":{"line":455,"column":31},"end":{"line":455,"column":42}},{"start":{"line":455,"column":42},"end":{"line":455,"column":46}}],"line":455},"80":{"loc":{"start":{"line":457,"column":31},"end":{"line":457,"column":151}},"type":"cond-expr","locations":[{"start":{"line":457,"column":52},"end":{"line":457,"column":147}},{"start":{"line":457,"column":147},"end":{"line":457,"column":151}}],"line":457},"81":{"loc":{"start":{"line":460,"column":32},"end":{"line":461,"column":null}},"type":"binary-expr","locations":[{"start":{"line":460,"column":32},"end":{"line":460,"column":68}},{"start":{"line":460,"column":68},"end":{"line":460,"column":null}},{"start":{"line":461,"column":32},"end":{"line":461,"column":null}}],"line":460},"82":{"loc":{"start":{"line":463,"column":31},"end":{"line":464,"column":null}},"type":"binary-expr","locations":[{"start":{"line":463,"column":31},"end":{"line":463,"column":null}},{"start":{"line":464,"column":32},"end":{"line":464,"column":null}}],"line":463},"83":{"loc":{"start":{"line":480,"column":37},"end":{"line":480,"column":102}},"type":"binary-expr","locations":[{"start":{"line":480,"column":37},"end":{"line":480,"column":74}},{"start":{"line":480,"column":74},"end":{"line":480,"column":102}}],"line":480},"84":{"loc":{"start":{"line":482,"column":65},"end":{"line":482,"column":140}},"type":"binary-expr","locations":[{"start":{"line":482,"column":65},"end":{"line":482,"column":120}},{"start":{"line":482,"column":120},"end":{"line":482,"column":131}},{"start":{"line":482,"column":131},"end":{"line":482,"column":140}}],"line":482},"85":{"loc":{"start":{"line":528,"column":15},"end":{"line":552,"column":null}},"type":"binary-expr","locations":[{"start":{"line":528,"column":15},"end":{"line":528,"column":null}},{"start":{"line":529,"column":16},"end":{"line":552,"column":null}}],"line":528},"86":{"loc":{"start":{"line":545,"column":31},"end":{"line":545,"column":73}},"type":"cond-expr","locations":[{"start":{"line":545,"column":42},"end":{"line":545,"column":69}},{"start":{"line":545,"column":69},"end":{"line":545,"column":73}}],"line":545},"87":{"loc":{"start":{"line":546,"column":31},"end":{"line":546,"column":66}},"type":"binary-expr","locations":[{"start":{"line":546,"column":31},"end":{"line":546,"column":45}},{"start":{"line":546,"column":45},"end":{"line":546,"column":62}},{"start":{"line":546,"column":62},"end":{"line":546,"column":66}}],"line":546},"88":{"loc":{"start":{"line":569,"column":49},"end":{"line":569,"column":73}},"type":"binary-expr","locations":[{"start":{"line":569,"column":49},"end":{"line":569,"column":69}},{"start":{"line":569,"column":69},"end":{"line":569,"column":73}}],"line":569},"89":{"loc":{"start":{"line":573,"column":49},"end":{"line":573,"column":68}},"type":"binary-expr","locations":[{"start":{"line":573,"column":49},"end":{"line":573,"column":64}},{"start":{"line":573,"column":64},"end":{"line":573,"column":68}}],"line":573},"90":{"loc":{"start":{"line":577,"column":49},"end":{"line":577,"column":145}},"type":"cond-expr","locations":[{"start":{"line":577,"column":80},"end":{"line":577,"column":91}},{"start":{"line":577,"column":91},"end":{"line":577,"column":145}}],"line":577},"91":{"loc":{"start":{"line":577,"column":91},"end":{"line":577,"column":145}},"type":"cond-expr","locations":[{"start":{"line":577,"column":122},"end":{"line":577,"column":133}},{"start":{"line":577,"column":133},"end":{"line":577,"column":145}}],"line":577},"92":{"loc":{"start":{"line":581,"column":49},"end":{"line":581,"column":73}},"type":"binary-expr","locations":[{"start":{"line":581,"column":49},"end":{"line":581,"column":69}},{"start":{"line":581,"column":69},"end":{"line":581,"column":73}}],"line":581},"93":{"loc":{"start":{"line":585,"column":49},"end":{"line":585,"column":71}},"type":"binary-expr","locations":[{"start":{"line":585,"column":49},"end":{"line":585,"column":67}},{"start":{"line":585,"column":67},"end":{"line":585,"column":71}}],"line":585},"94":{"loc":{"start":{"line":589,"column":49},"end":{"line":589,"column":169}},"type":"cond-expr","locations":[{"start":{"line":589,"column":69},"end":{"line":589,"column":165}},{"start":{"line":589,"column":165},"end":{"line":589,"column":169}}],"line":589},"95":{"loc":{"start":{"line":593,"column":49},"end":{"line":593,"column":121}},"type":"cond-expr","locations":[{"start":{"line":593,"column":75},"end":{"line":593,"column":117}},{"start":{"line":593,"column":117},"end":{"line":593,"column":121}}],"line":593},"96":{"loc":{"start":{"line":597,"column":49},"end":{"line":597,"column":74}},"type":"binary-expr","locations":[{"start":{"line":597,"column":49},"end":{"line":597,"column":70}},{"start":{"line":597,"column":70},"end":{"line":597,"column":74}}],"line":597},"97":{"loc":{"start":{"line":599,"column":17},"end":{"line":603,"column":null}},"type":"binary-expr","locations":[{"start":{"line":599,"column":17},"end":{"line":599,"column":null}},{"start":{"line":600,"column":18},"end":{"line":603,"column":null}}],"line":599},"98":{"loc":{"start":{"line":609,"column":46},"end":{"line":609,"column":80}},"type":"cond-expr","locations":[{"start":{"line":609,"column":60},"end":{"line":609,"column":70}},{"start":{"line":609,"column":70},"end":{"line":609,"column":80}}],"line":609},"99":{"loc":{"start":{"line":611,"column":18},"end":{"line":611,"column":85}},"type":"cond-expr","locations":[{"start":{"line":611,"column":32},"end":{"line":611,"column":76}},{"start":{"line":611,"column":76},"end":{"line":611,"column":85}}],"line":611},"100":{"loc":{"start":{"line":614,"column":31},"end":{"line":614,"column":133}},"type":"binary-expr","locations":[{"start":{"line":614,"column":31},"end":{"line":614,"column":87}},{"start":{"line":614,"column":87},"end":{"line":614,"column":124}},{"start":{"line":614,"column":124},"end":{"line":614,"column":133}}],"line":614},"101":{"loc":{"start":{"line":615,"column":53},"end":{"line":615,"column":89}},"type":"cond-expr","locations":[{"start":{"line":615,"column":67},"end":{"line":615,"column":72}},{"start":{"line":615,"column":72},"end":{"line":615,"column":89}}],"line":615},"102":{"loc":{"start":{"line":615,"column":97},"end":{"line":615,"column":150}},"type":"cond-expr","locations":[{"start":{"line":615,"column":118},"end":{"line":615,"column":147}},{"start":{"line":615,"column":147},"end":{"line":615,"column":150}}],"line":615},"103":{"loc":{"start":{"line":624,"column":15},"end":{"line":624,"column":null}},"type":"binary-expr","locations":[{"start":{"line":624,"column":15},"end":{"line":624,"column":40}},{"start":{"line":624,"column":40},"end":{"line":624,"column":null}}],"line":624},"104":{"loc":{"start":{"line":630,"column":82},"end":{"line":630,"column":134}},"type":"cond-expr","locations":[{"start":{"line":630,"column":93},"end":{"line":630,"column":131}},{"start":{"line":630,"column":131},"end":{"line":630,"column":134}}],"line":630},"105":{"loc":{"start":{"line":631,"column":54},"end":{"line":631,"column":104}},"type":"binary-expr","locations":[{"start":{"line":631,"column":54},"end":{"line":631,"column":68}},{"start":{"line":631,"column":68},"end":{"line":631,"column":85}},{"start":{"line":631,"column":85},"end":{"line":631,"column":104}}],"line":631},"106":{"loc":{"start":{"line":638,"column":13},"end":{"line":648,"column":null}},"type":"binary-expr","locations":[{"start":{"line":638,"column":13},"end":{"line":638,"column":28}},{"start":{"line":638,"column":28},"end":{"line":638,"column":60}},{"start":{"line":638,"column":60},"end":{"line":638,"column":null}},{"start":{"line":639,"column":14},"end":{"line":648,"column":null}}],"line":638},"107":{"loc":{"start":{"line":646,"column":19},"end":{"line":646,"column":null}},"type":"cond-expr","locations":[{"start":{"line":646,"column":34},"end":{"line":646,"column":47}},{"start":{"line":646,"column":47},"end":{"line":646,"column":null}}],"line":646},"108":{"loc":{"start":{"line":651,"column":13},"end":{"line":661,"column":null}},"type":"binary-expr","locations":[{"start":{"line":651,"column":13},"end":{"line":651,"column":29}},{"start":{"line":651,"column":29},"end":{"line":651,"column":null}},{"start":{"line":652,"column":14},"end":{"line":661,"column":null}}],"line":651},"109":{"loc":{"start":{"line":659,"column":19},"end":{"line":659,"column":null}},"type":"cond-expr","locations":[{"start":{"line":659,"column":34},"end":{"line":659,"column":47}},{"start":{"line":659,"column":47},"end":{"line":659,"column":null}}],"line":659},"110":{"loc":{"start":{"line":667,"column":7},"end":{"line":676,"column":null}},"type":"binary-expr","locations":[{"start":{"line":667,"column":7},"end":{"line":667,"column":null}},{"start":{"line":668,"column":8},"end":{"line":676,"column":null}}],"line":667},"111":{"loc":{"start":{"line":672,"column":33},"end":{"line":672,"column":80}},"type":"binary-expr","locations":[{"start":{"line":672,"column":33},"end":{"line":672,"column":65}},{"start":{"line":672,"column":65},"end":{"line":672,"column":80}}],"line":672},"112":{"loc":{"start":{"line":672,"column":114},"end":{"line":672,"column":152}},"type":"binary-expr","locations":[{"start":{"line":672,"column":114},"end":{"line":672,"column":143}},{"start":{"line":672,"column":143},"end":{"line":672,"column":152}}],"line":672},"113":{"loc":{"start":{"line":673,"column":33},"end":{"line":673,"column":81}},"type":"binary-expr","locations":[{"start":{"line":673,"column":33},"end":{"line":673,"column":66}},{"start":{"line":673,"column":66},"end":{"line":673,"column":81}}],"line":673},"114":{"loc":{"start":{"line":673,"column":116},"end":{"line":673,"column":152}},"type":"binary-expr","locations":[{"start":{"line":673,"column":116},"end":{"line":673,"column":146}},{"start":{"line":673,"column":146},"end":{"line":673,"column":152}}],"line":673},"115":{"loc":{"start":{"line":679,"column":7},"end":{"line":685,"column":null}},"type":"binary-expr","locations":[{"start":{"line":679,"column":7},"end":{"line":679,"column":null}},{"start":{"line":680,"column":8},"end":{"line":685,"column":null}}],"line":679},"116":{"loc":{"start":{"line":688,"column":7},"end":{"line":691,"column":null}},"type":"binary-expr","locations":[{"start":{"line":688,"column":7},"end":{"line":688,"column":null}},{"start":{"line":689,"column":8},"end":{"line":691,"column":null}}],"line":688},"117":{"loc":{"start":{"line":689,"column":37},"end":{"line":689,"column":99}},"type":"cond-expr","locations":[{"start":{"line":689,"column":62},"end":{"line":689,"column":81}},{"start":{"line":689,"column":81},"end":{"line":689,"column":99}}],"line":689}},"s":{"0":1,"1":130,"2":130,"3":409,"4":1,"5":408,"6":408,"7":1,"8":407,"9":407,"10":407,"11":407,"12":407,"13":407,"14":407,"15":261,"16":261,"17":261,"18":261,"19":261,"20":261,"21":261,"22":261,"23":261,"24":261,"25":261,"26":261,"27":261,"28":261,"29":261,"30":261,"31":261,"32":261,"33":261,"34":19,"35":19,"36":19,"37":1,"38":85,"39":85,"40":85,"41":84,"42":20,"43":20,"44":1,"45":19,"46":19,"47":18,"48":20,"49":1,"50":18,"51":20,"52":32,"53":16,"54":20,"55":2,"56":2,"57":2,"58":18,"59":18,"60":20,"61":20,"62":64,"63":1,"64":64,"65":3,"66":61,"67":85,"68":85,"69":85,"70":85,"71":85,"72":85,"73":85,"74":85,"75":61,"76":85,"77":85,"78":5,"79":84,"80":261,"81":73,"82":261,"83":5,"84":5,"85":0,"86":5,"87":5,"88":5,"89":5,"90":0,"91":5,"92":2,"93":3,"94":3,"95":2,"96":2,"97":2,"98":0,"99":2,"100":2,"101":2,"102":2,"103":0,"104":2,"105":1,"106":1,"107":1,"108":1,"109":2,"110":0,"111":2,"112":2,"113":2,"114":0,"115":2,"116":2,"117":2,"118":0,"119":2,"120":1,"121":1,"122":1,"123":3,"124":3,"125":0,"126":3,"127":3,"128":3,"129":2,"130":0,"131":2,"132":2,"133":1,"134":1,"135":1,"136":1,"137":2,"138":2,"139":0,"140":2,"141":2,"142":2,"143":2,"144":0,"145":2,"146":1,"147":1,"148":1,"149":2,"150":2,"151":0,"152":2,"153":2,"154":2,"155":0,"156":2,"157":2,"158":2,"159":2,"160":0,"161":2,"162":1,"163":1,"164":1,"165":2,"166":2,"167":0,"168":2,"169":2,"170":2,"171":0,"172":2,"173":2,"174":2,"175":0,"176":2,"177":1,"178":1,"179":1,"180":1,"181":2,"182":0,"183":2,"184":2,"185":2,"186":0,"187":2,"188":2,"189":2,"190":2,"191":0,"192":2,"193":1,"194":1,"195":1,"196":2,"197":5,"198":0,"199":5,"200":3,"201":3,"202":1,"203":3,"204":3,"205":3,"206":3,"207":0,"208":3,"209":1,"210":2,"211":1,"212":1,"213":2,"214":1,"215":3,"216":2,"217":0,"218":2,"219":2,"220":2,"221":0,"222":2,"223":2,"224":2,"225":2,"226":0,"227":2,"228":1,"229":1,"230":1,"231":1,"232":2,"233":261,"234":73,"235":188,"236":188,"237":1,"238":183,"239":0,"240":183,"241":0,"242":9,"243":0,"244":0,"245":0,"246":0,"247":0,"248":0,"249":0,"250":0,"251":0,"252":1,"253":37,"254":266,"255":2,"256":2,"257":2,"258":266,"259":126,"260":6,"261":0,"262":0,"263":0,"264":0,"265":0,"266":0,"267":0,"268":126,"269":2,"270":0,"271":29,"272":79,"273":53,"274":1,"275":14,"276":1},"f":{"0":130,"1":409,"2":261,"3":19,"4":1,"5":85,"6":18,"7":32,"8":16,"9":1,"10":61,"11":73,"12":5,"13":0,"14":2,"15":0,"16":2,"17":2,"18":0,"19":2,"20":0,"21":3,"22":0,"23":2,"24":0,"25":2,"26":2,"27":0,"28":2,"29":0,"30":2,"31":2,"32":0,"33":2,"34":0,"35":2,"36":2,"37":0,"38":2,"39":0,"40":5,"41":3,"42":1,"43":3,"44":0,"45":2,"46":2,"47":0,"48":2,"49":0,"50":1,"51":0,"52":9,"53":0,"54":0,"55":0,"56":0,"57":0,"58":0,"59":0,"60":0,"61":0,"62":1,"63":37,"64":266,"65":2,"66":2,"67":2,"68":266,"69":126,"70":6,"71":0,"72":0,"73":0,"74":0,"75":0,"76":0,"77":0,"78":126,"79":2,"80":0,"81":29,"82":79,"83":53,"84":1,"85":14,"86":1},"b":{"0":[1,0],"1":[129,1],"2":[1,408],"3":[1,407],"4":[19],"5":[20,64],"6":[84,65],"7":[1,19],"8":[19,0],"9":[1,19],"10":[18,0,0],"11":[16,2],"12":[2,18],"13":[20,2],"14":[2,1,1],"15":[2,1,1,0],"16":[2,1,1,0],"17":[18,0],"18":[3,61],"19":[3,1],"20":[61,2,1],"21":[59,2],"22":[59,2],"23":[59,2],"24":[85,3],"25":[58,3],"26":[61,1],"27":[61,2],"28":[0,5],"29":[2,3],"30":[2,0],"31":[0,2],"32":[0,2],"33":[1,1],"34":[1,0],"35":[0,2],"36":[1,1],"37":[1,0],"38":[0,3],"39":[3,3],"40":[1,1],"41":[1,0],"42":[0,2],"43":[1,1],"44":[1,0],"45":[0,2],"46":[1,1],"47":[1,0],"48":[0,2],"49":[2,2],"50":[1,1],"51":[1,0],"52":[0,2],"53":[1,1],"54":[1,0],"55":[0,5],"56":[1,2],"57":[1,0],"58":[1,1],"59":[0,2],"60":[1,1],"61":[1,0],"62":[73,188],"63":[5,183],"64":[0,183],"65":[180,3],"66":[1,2],"67":[126,57],"68":[261,126],"69":[126,1],"70":[126,0],"71":[126,0],"72":[126,0],"73":[126,0],"74":[126,0],"75":[126,0],"76":[126,0],"77":[126,126],"78":[266,0],"79":[266,0],"80":[140,126],"81":[266,253,14],"82":[266,140],"83":[266,252],"84":[126,0,0],"85":[126,126],"86":[126,0],"87":[126,0,0],"88":[57,1],"89":[57,1],"90":[54,3],"91":[1,2],"92":[57,1],"93":[57,1],"94":[55,2],"95":[55,2],"96":[57,1],"97":[57,56],"98":[29,28],"99":[29,28],"100":[79,0,0],"101":[29,50],"102":[25,54],"103":[57,4],"104":[49,4],"105":[53,1,1],"106":[57,29,28,27],"107":[3,24],"108":[57,28,28],"109":[2,26],"110":[261,15],"111":[15,0],"112":[15,0],"113":[15,0],"114":[15,0],"115":[261,9],"116":[261,19],"117":[12,7]},"meta":{"lastBranch":118,"lastFunction":87,"lastStatement":277,"seen":{"s:5:17:5:Infinity":0,"b:5:17:5:50:5:50:5:Infinity":0,"f:7:9:7:23":0,"s:8:16:8:Infinity":1,"s:9:2:12:Infinity":2,"b:11:16:11:55:11:55:11:Infinity":1,"f:15:9:15:24":1,"b:16:2:16:Infinity:undefined:undefined:undefined:undefined":2,"s:16:2:16:Infinity":3,"s:16:12:16:Infinity":4,"s:17:12:17:Infinity":5,"b:18:2:18:Infinity:undefined:undefined:undefined:undefined":3,"s:18:2:18:Infinity":6,"s:18:16:18:Infinity":7,"s:19:17:19:Infinity":8,"s:20:13:20:Infinity":9,"s:21:14:21:Infinity":10,"s:22:15:22:Infinity":11,"s:23:13:23:Infinity":12,"s:24:13:24:Infinity":13,"s:25:2:25:Infinity":14,"f:28:24:28:38":2,"s:29:18:29:Infinity":15,"s:30:8:30:Infinity":16,"s:32:24:32:Infinity":17,"s:33:28:33:Infinity":18,"s:34:30:34:Infinity":19,"s:35:28:35:Infinity":20,"s:36:24:36:Infinity":21,"s:37:36:37:Infinity":22,"s:39:38:39:Infinity":23,"s:40:38:40:Infinity":24,"s:41:36:43:Infinity":25,"s:44:36:44:Infinity":26,"s:45:44:45:Infinity":27,"s:47:38:47:Infinity":28,"s:48:38:48:Infinity":29,"s:49:24:49:Infinity":30,"s:50:8:50:Infinity":31,"s:51:40:51:Infinity":32,"s:52:38:52:Infinity":33,"f:54:11:54:21":3,"b:54:37:54:48":4,"s:55:4:55:Infinity":34,"s:56:4:56:Infinity":35,"s:57:4:57:Infinity":36,"f:57:36:57:42":4,"s:57:42:57:58":37,"f:60:17:60:29":5,"s:61:4:61:Infinity":38,"s:62:4:115:Infinity":39,"s:63:18:65:Infinity":40,"b:67:6:96:Infinity:undefined:undefined:undefined:undefined":5,"s:67:6:96:Infinity":41,"b:67:10:67:32:67:32:67:52":6,"s:69:24:71:Infinity":42,"b:72:8:72:Infinity:undefined:undefined:undefined:undefined":7,"s:72:8:72:Infinity":43,"s:72:25:72:Infinity":44,"s:73:26:73:Infinity":45,"s:74:22:74:Infinity":46,"b:74:49:74:107:74:107:74:Infinity":8,"f:74:64:74:65":6,"s:74:71:74:103":47,"b:75:8:75:Infinity:undefined:undefined:undefined:undefined":9,"s:75:8:75:Infinity":48,"s:75:20:75:Infinity":49,"s:76:8:76:Infinity":50,"b:76:41:76:61:76:61:76:81:76:81:76:84":10,"s:78:27:80:Infinity":51,"b:79:12:79:Infinity:80:12:80:Infinity":11,"f:79:33:79:34":7,"s:79:40:79:58":52,"f:79:64:79:65":8,"s:79:72:79:99":53,"b:82:8:91:Infinity:undefined:undefined:undefined:undefined":12,"s:82:8:91:Infinity":54,"b:82:12:82:41:82:41:82:58":13,"s:83:32:83:Infinity":55,"b:83:32:83:51:83:51:83:74:83:74:83:Infinity":14,"s:84:28:84:Infinity":56,"s:85:10:90:Infinity":57,"b:87:23:87:47:87:47:87:75:87:75:87:91:87:91:87:Infinity":15,"b:88:22:88:45:88:45:88:72:88:72:88:104:88:104:88:Infinity":16,"s:92:8:92:Infinity":58,"s:93:8:93:Infinity":59,"b:93:52:93:69:93:69:93:71":17,"s:94:8:94:Infinity":60,"s:95:8:95:Infinity":61,"s:98:19:98:Infinity":62,"f:98:42:98:49":9,"s:98:49:98:52":63,"b:99:6:99:Infinity:undefined:undefined:undefined:undefined":18,"s:99:6:99:Infinity":64,"s:99:19:99:Infinity":65,"b:99:35:99:50:99:50:99:88":19,"s:100:6:100:Infinity":66,"b:100:38:100:57:100:57:100:76:100:76:100:79":20,"s:101:6:101:Infinity":67,"b:101:47:101:62:101:62:101:64":21,"s:102:6:102:Infinity":68,"b:102:49:102:65:102:65:102:67":22,"s:103:6:103:Infinity":69,"s:104:17:104:Infinity":70,"b:104:62:104:87:104:87:104:Infinity":23,"s:105:20:105:Infinity":71,"s:106:6:106:Infinity":72,"b:106:22:106:34:106:34:106:36":24,"s:107:6:107:Infinity":73,"b:107:33:107:60:107:60:107:62":25,"s:108:6:108:Infinity":74,"f:108:21:108:22":10,"s:108:32:108:112":75,"b:108:53:108:70:108:70:108:74":26,"b:108:87:108:107:108:107:108:110":27,"s:109:6:109:Infinity":76,"s:110:6:110:Infinity":77,"s:112:6:112:Infinity":78,"s:114:6:114:Infinity":79,"s:118:2:118:Infinity":80,"f:118:12:118:18":11,"s:118:20:118:33":81,"s:120:18:120:Infinity":82,"f:124:17:124:35":12,"s:125:4:125:Infinity":83,"b:126:4:126:Infinity:undefined:undefined:undefined:undefined":28,"s:126:4:126:Infinity":84,"s:126:20:126:Infinity":85,"s:127:4:144:Infinity":86,"s:128:22:135:Infinity":87,"s:136:18:139:Infinity":88,"s:140:19:140:Infinity":89,"f:140:42:140:49":13,"s:140:49:140:52":90,"b:141:6:141:Infinity:undefined:undefined:undefined:undefined":29,"s:141:6:141:Infinity":91,"s:141:19:141:Infinity":92,"b:141:35:141:50:141:50:141:81":30,"s:142:6:142:Infinity":93,"s:143:6:143:Infinity":94,"s:144:20:144:53":95,"f:147:17:147:37":14,"s:148:4:148:Infinity":96,"b:149:4:149:Infinity:undefined:undefined:undefined:undefined":31,"s:149:4:149:Infinity":97,"s:149:20:149:Infinity":98,"s:150:4:165:Infinity":99,"s:151:22:156:Infinity":100,"b:154:41:154:118:154:118:154:Infinity":32,"s:157:18:160:Infinity":101,"s:161:19:161:Infinity":102,"f:161:42:161:49":15,"s:161:49:161:52":103,"b:162:6:162:Infinity:undefined:undefined:undefined:undefined":33,"s:162:6:162:Infinity":104,"s:162:19:162:Infinity":105,"b:162:35:162:50:162:50:162:89":34,"s:163:6:163:Infinity":106,"s:164:6:164:Infinity":107,"s:165:20:165:53":108,"f:168:11:168:31":16,"b:169:4:169:Infinity:undefined:undefined:undefined:undefined":35,"s:169:4:169:Infinity":109,"s:169:20:169:Infinity":110,"s:170:4:176:Infinity":111,"f:174:17:174:23":17,"s:174:25:174:49":112,"s:174:49:174:82":113,"f:175:16:175:22":18,"s:175:22:175:Infinity":114,"f:179:17:179:38":19,"s:180:4:187:Infinity":115,"s:181:18:183:Infinity":116,"s:184:19:184:Infinity":117,"f:184:42:184:49":20,"s:184:49:184:52":118,"b:185:6:185:Infinity:undefined:undefined:undefined:undefined":36,"s:185:6:185:Infinity":119,"s:185:19:185:Infinity":120,"b:185:35:185:50:185:50:185:89":37,"s:186:6:186:Infinity":121,"s:187:20:187:53":122,"f:190:17:190:36":21,"s:191:4:191:Infinity":123,"b:192:4:192:Infinity:undefined:undefined:undefined:undefined":38,"s:192:4:192:Infinity":124,"b:192:8:192:22:192:22:192:43":39,"s:192:43:192:Infinity":125,"s:193:4:193:Infinity":126,"s:194:4:206:Infinity":127,"s:195:18:198:Infinity":128,"s:199:19:199:Infinity":129,"f:199:42:199:49":22,"s:199:49:199:52":130,"b:200:6:200:Infinity:undefined:undefined:undefined:undefined":40,"s:200:6:200:Infinity":131,"s:200:19:200:Infinity":132,"b:200:35:200:50:200:50:200:81":41,"s:202:6:202:Infinity":133,"s:203:6:203:Infinity":134,"s:204:6:204:Infinity":135,"s:205:20:205:53":136,"s:206:14:206:38":137,"f:209:17:209:37":23,"b:210:4:210:Infinity:undefined:undefined:undefined:undefined":42,"s:210:4:210:Infinity":138,"s:210:20:210:Infinity":139,"s:211:4:211:Infinity":140,"s:212:4:220:Infinity":141,"s:213:18:215:Infinity":142,"s:216:19:216:Infinity":143,"f:216:42:216:49":24,"s:216:49:216:52":144,"b:217:6:217:Infinity:undefined:undefined:undefined:undefined":43,"s:217:6:217:Infinity":145,"s:217:19:217:Infinity":146,"b:217:35:217:50:217:50:217:82":44,"s:218:6:218:Infinity":147,"s:219:20:219:53":148,"s:220:14:220:38":149,"f:223:11:223:30":25,"b:224:4:224:Infinity:undefined:undefined:undefined:undefined":45,"s:224:4:224:Infinity":150,"s:224:20:224:Infinity":151,"s:225:4:231:Infinity":152,"f:229:17:229:23":26,"s:229:25:229:49":153,"s:229:49:229:78":154,"f:230:16:230:22":27,"s:230:22:230:Infinity":155,"f:234:17:234:37":28,"s:235:4:235:Infinity":156,"s:236:4:244:Infinity":157,"s:237:18:239:Infinity":158,"s:240:19:240:Infinity":159,"f:240:42:240:49":29,"s:240:49:240:52":160,"b:241:6:241:Infinity:undefined:undefined:undefined:undefined":46,"s:241:6:241:Infinity":161,"s:241:19:241:Infinity":162,"b:241:35:241:50:241:50:241:81":47,"s:242:6:242:Infinity":163,"s:243:20:243:53":164,"s:244:14:244:38":165,"f:247:17:247:43":30,"b:248:4:248:Infinity:undefined:undefined:undefined:undefined":48,"s:248:4:248:Infinity":166,"b:248:8:248:22:248:22:248:40":49,"s:248:40:248:Infinity":167,"s:249:4:255:Infinity":168,"f:253:17:253:23":31,"s:253:25:253:49":169,"s:253:49:253:77":170,"f:254:16:254:22":32,"s:254:22:254:Infinity":171,"f:258:17:258:44":33,"s:259:4:268:Infinity":172,"s:260:18:263:Infinity":173,"s:264:19:264:Infinity":174,"f:264:42:264:49":34,"s:264:49:264:52":175,"b:265:6:265:Infinity:undefined:undefined:undefined:undefined":50,"s:265:6:265:Infinity":176,"s:265:19:265:Infinity":177,"b:265:35:265:50:265:50:265:83":51,"s:266:6:266:Infinity":178,"s:267:6:267:Infinity":179,"s:268:20:268:53":180,"f:271:11:271:33":35,"b:272:4:272:Infinity:undefined:undefined:undefined:undefined":52,"s:272:4:272:Infinity":181,"s:272:20:272:Infinity":182,"s:273:4:279:Infinity":183,"f:277:17:277:23":36,"s:277:25:277:49":184,"s:277:49:277:73":185,"f:278:16:278:22":37,"s:278:22:278:Infinity":186,"f:282:17:282:40":38,"s:283:4:283:Infinity":187,"s:284:4:293:Infinity":188,"s:285:18:287:Infinity":189,"s:288:19:288:Infinity":190,"f:288:42:288:49":39,"s:288:49:288:52":191,"b:289:6:289:Infinity:undefined:undefined:undefined:undefined":53,"s:289:6:289:Infinity":192,"s:289:19:289:Infinity":193,"b:289:35:289:50:289:50:289:83":54,"s:291:6:291:Infinity":194,"s:292:20:292:53":195,"s:293:14:293:38":196,"f:298:11:298:34":40,"b:299:4:299:Infinity:undefined:undefined:undefined:undefined":55,"s:299:4:299:Infinity":197,"s:299:20:299:Infinity":198,"s:300:4:306:Infinity":199,"f:304:17:304:23":41,"s:304:25:304:49":200,"s:304:49:304:74":201,"f:305:16:305:22":42,"s:305:22:305:Infinity":202,"f:309:17:309:41":43,"s:310:4:310:Infinity":203,"s:311:4:324:Infinity":204,"s:312:18:314:Infinity":205,"s:315:19:315:Infinity":206,"f:315:42:315:49":44,"s:315:49:315:52":207,"b:316:6:316:Infinity:undefined:undefined:undefined:undefined":56,"s:316:6:316:Infinity":208,"s:316:19:316:Infinity":209,"b:316:35:316:50:316:50:316:79":57,"b:317:6:321:Infinity:319:13:321:Infinity":58,"s:317:6:321:Infinity":210,"s:318:8:318:Infinity":211,"s:320:8:320:Infinity":212,"s:322:6:322:Infinity":213,"s:323:20:323:53":214,"s:324:14:324:38":215,"f:329:11:329:35":45,"b:330:4:330:Infinity:undefined:undefined:undefined:undefined":59,"s:330:4:330:Infinity":216,"s:330:20:330:Infinity":217,"s:331:4:337:Infinity":218,"f:335:17:335:23":46,"s:335:25:335:49":219,"s:335:49:335:75":220,"f:336:16:336:22":47,"s:336:22:336:Infinity":221,"f:340:17:340:42":48,"s:341:4:341:Infinity":222,"s:342:4:351:Infinity":223,"s:343:18:345:Infinity":224,"s:346:19:346:Infinity":225,"f:346:42:346:49":49,"s:346:49:346:52":226,"b:347:6:347:Infinity:undefined:undefined:undefined:undefined":60,"s:347:6:347:Infinity":227,"s:347:19:347:Infinity":228,"b:347:35:347:50:347:50:347:80":61,"s:348:6:348:Infinity":229,"s:349:6:349:Infinity":230,"s:350:20:350:53":231,"s:351:14:351:38":232,"b:356:2:356:Infinity:undefined:undefined:undefined:undefined":62,"s:356:2:356:Infinity":233,"s:356:15:356:Infinity":234,"b:357:2:357:Infinity:undefined:undefined:undefined:undefined":63,"s:357:2:357:Infinity":235,"s:357:13:357:Infinity":236,"f:357:123:357:129":50,"s:357:129:357:139":237,"b:358:2:358:Infinity:undefined:undefined:undefined:undefined":64,"s:358:2:358:Infinity":238,"s:358:14:358:Infinity":239,"s:360:2:693:Infinity":240,"f:362:45:362:51":51,"s:362:51:362:61":241,"b:368:44:368:55:368:55:368:Infinity":65,"b:368:86:368:97:368:97:368:Infinity":66,"b:374:10:560:Infinity:563:10:663:Infinity":67,"b:372:9:372:20:372:20:372:Infinity":68,"b:379:61:379:75:379:75:379:79":69,"f:379:89:379:90":52,"s:379:96:379:142":242,"b:383:63:383:83:383:83:383:87":70,"f:383:97:383:98":53,"s:383:104:383:156":243,"b:386:54:386:69:386:69:386:73":71,"f:386:83:386:84":54,"s:386:90:386:137":244,"b:391:55:391:74:391:74:391:84":72,"f:391:94:391:95":55,"s:391:101:391:Infinity":245,"b:398:86:398:106:398:106:398:110":73,"f:398:120:398:121":56,"s:398:127:398:187":246,"b:402:52:402:70:402:70:402:74":74,"f:402:84:402:85":57,"s:402:91:402:141":247,"b:405:52:405:73:405:73:405:77":75,"f:405:87:405:88":58,"s:405:94:405:147":248,"f:409:144:409:145":59,"s:409:151:409:184":249,"f:410:99:410:100":60,"s:410:106:410:139":250,"b:414:84:414:105:414:105:414:109":76,"f:414:119:414:120":61,"s:414:126:414:179":251,"f:417:86:417:87":62,"s:417:93:417:153":252,"f:432:88:432:89":63,"s:432:95:432:127":253,"b:439:15:439:Infinity:440:16:472:Infinity":77,"f:452:35:452:36":64,"s:453:24:468:Infinity":254,"b:454:31:454:86:454:86:454:95":78,"b:455:31:455:42:455:42:455:46":79,"b:457:52:457:147:457:147:457:151":80,"b:460:32:460:68:460:68:460:Infinity:461:32:461:Infinity":81,"f:461:78:461:84":65,"s:461:84:461:115":255,"b:463:31:463:Infinity:464:32:464:Infinity":82,"f:464:77:464:83":66,"s:464:83:464:113":256,"f:477:80:477:81":67,"s:477:87:477:Infinity":257,"f:480:30:480:31":68,"s:480:37:480:102":258,"b:480:37:480:74:480:74:480:102":83,"f:481:27:481:28":69,"s:482:24:482:Infinity":259,"b:482:65:482:120:482:120:482:131:482:131:482:140":84,"f:498:90:498:91":70,"s:498:97:498:156":260,"f:502:156:502:157":71,"s:502:163:502:229":261,"f:503:111:503:112":72,"s:503:118:503:184":262,"f:508:145:508:146":73,"s:508:152:508:216":263,"f:509:100:509:101":74,"s:509:107:509:171":264,"f:514:86:514:87":75,"s:514:93:514:155":265,"f:517:89:517:90":76,"s:517:96:517:161":266,"f:521:104:521:105":77,"s:521:111:521:170":267,"b:528:15:528:Infinity:529:16:552:Infinity":85,"f:541:36:541:37":78,"s:542:24:548:Infinity":268,"b:545:42:545:69:545:69:545:73":86,"b:546:31:546:45:546:45:546:62:546:62:546:66":87,"f:547:75:547:81":79,"s:547:81:547:108":269,"f:557:67:557:73":80,"s:557:73:557:83":270,"b:569:49:569:69:569:69:569:73":88,"b:573:49:573:64:573:64:573:68":89,"b:577:80:577:91:577:91:577:145":90,"b:577:122:577:133:577:133:577:145":91,"b:581:49:581:69:581:69:581:73":92,"b:585:49:585:67:585:67:585:71":93,"b:589:69:589:165:589:165:589:169":94,"b:593:75:593:117:593:117:593:121":95,"b:597:49:597:70:597:70:597:74":96,"b:599:17:599:Infinity:600:18:603:Infinity":97,"b:609:60:609:70:609:70:609:80":98,"b:611:32:611:76:611:76:611:85":99,"f:611:47:611:48":81,"s:611:54:611:72":271,"f:611:89:611:90":82,"s:612:18:617:Infinity":272,"b:614:31:614:87:614:87:614:124:614:124:614:133":100,"b:615:67:615:72:615:72:615:89":101,"b:615:118:615:147:615:147:615:150":102,"b:624:15:624:40:624:40:624:Infinity":103,"f:626:30:626:31":83,"s:627:18:633:Infinity":273,"b:630:93:630:131:630:131:630:134":104,"b:631:54:631:68:631:68:631:85:631:85:631:104":105,"b:638:13:638:28:638:28:638:60:638:60:638:Infinity:639:14:648:Infinity":106,"b:646:34:646:47:646:47:646:Infinity":107,"b:651:13:651:29:651:29:651:Infinity:652:14:661:Infinity":108,"b:659:34:659:47:659:47:659:Infinity":109,"b:667:7:667:Infinity:668:8:676:Infinity":110,"f:668:47:668:53":84,"s:668:53:668:Infinity":274,"f:669:50:669:51":85,"s:669:57:669:Infinity":275,"b:672:33:672:65:672:65:672:80":111,"b:672:114:672:143:672:143:672:152":112,"b:673:33:673:66:673:66:673:81":113,"b:673:116:673:146:673:146:673:152":114,"b:679:7:679:Infinity:680:8:685:Infinity":115,"b:688:7:688:Infinity:689:8:691:Infinity":116,"b:689:62:689:81:689:81:689:99":117,"f:689:112:689:118":86,"s:689:118:689:Infinity":276}}}
,"C:\\Ruby\\NUS\\PeerConnect\\PeerConnect-frontend\\src\\styles\\pages\\GroupDetail.css": {"path":"C:\\Ruby\\NUS\\PeerConnect\\PeerConnect-frontend\\src\\styles\\pages\\GroupDetail.css","statementMap":{},"fnMap":{},"branchMap":{},"s":{},"f":{},"b":{},"meta":{"lastBranch":0,"lastFunction":0,"lastStatement":0,"seen":{}}}
}
